{"/home/user/Desktop/javascript/FundooNotes/server/server.js":{"path":"/home/user/Desktop/javascript/FundooNotes/server/server.js","statementMap":{"0":{"start":{"line":12,"column":0},"end":{"line":12,"column":27}},"1":{"start":{"line":13,"column":0},"end":{"line":13,"column":23}},"2":{"start":{"line":15,"column":14},"end":{"line":15,"column":32}},"3":{"start":{"line":16,"column":10},"end":{"line":16,"column":19}},"4":{"start":{"line":17,"column":17},"end":{"line":17,"column":39}},"5":{"start":{"line":18,"column":11},"end":{"line":18,"column":26}},"6":{"start":{"line":19,"column":13},"end":{"line":19,"column":39}},"7":{"start":{"line":21,"column":22},"end":{"line":21,"column":50}},"8":{"start":{"line":22,"column":0},"end":{"line":22,"column":27}},"9":{"start":{"line":27,"column":12},"end":{"line":27,"column":43}},"10":{"start":{"line":28,"column":0},"end":{"line":28,"column":24}},"11":{"start":{"line":34,"column":0},"end":{"line":34,"column":27}},"12":{"start":{"line":35,"column":0},"end":{"line":35,"column":52}},"13":{"start":{"line":36,"column":0},"end":{"line":36,"column":28}},"14":{"start":{"line":37,"column":0},"end":{"line":37,"column":16}},"15":{"start":{"line":39,"column":0},"end":{"line":39,"column":27}},"16":{"start":{"line":41,"column":0},"end":{"line":43,"column":3}},"17":{"start":{"line":42,"column":4},"end":{"line":42,"column":39}},"18":{"start":{"line":48,"column":0},"end":{"line":48,"column":87}},"19":{"start":{"line":48,"column":35},"end":{"line":48,"column":85}},"20":{"start":{"line":50,"column":0},"end":{"line":50,"column":20}}},"fnMap":{"0":{"name":"(anonymous_0)","decl":{"start":{"line":41,"column":13},"end":{"line":41,"column":14}},"loc":{"start":{"line":41,"column":31},"end":{"line":43,"column":1}},"line":41},"1":{"name":"(anonymous_1)","decl":{"start":{"line":48,"column":29},"end":{"line":48,"column":30}},"loc":{"start":{"line":48,"column":35},"end":{"line":48,"column":85}},"line":48}},"branchMap":{},"s":{"0":1,"1":1,"2":1,"3":1,"4":1,"5":1,"6":1,"7":1,"8":1,"9":1,"10":1,"11":1,"12":1,"13":1,"14":1,"15":1,"16":1,"17":0,"18":1,"19":1,"20":1},"f":{"0":0,"1":1},"b":{},"_coverageSchema":"43e27e138ebf9cfc5966b082cf9a028302ed4184","hash":"dd1a3bbfd228db3b81d4c17a7cccfe97247c5ad5","contentHash":"201388e918503e840b90c8e885696f39594ed4a7aca9077826a12c74db86fe9a"},"/home/user/Desktop/javascript/FundooNotes/server/config/config.js":{"path":"/home/user/Desktop/javascript/FundooNotes/server/config/config.js","statementMap":{"0":{"start":{"line":4,"column":10},"end":{"line":4,"column":47}},"1":{"start":{"line":8,"column":13},"end":{"line":8,"column":37}},"2":{"start":{"line":9,"column":16},"end":{"line":9,"column":27}},"3":{"start":{"line":13,"column":0},"end":{"line":13,"column":73}},"4":{"start":{"line":13,"column":38},"end":{"line":13,"column":71}}},"fnMap":{"0":{"name":"(anonymous_0)","decl":{"start":{"line":13,"column":31},"end":{"line":13,"column":32}},"loc":{"start":{"line":13,"column":38},"end":{"line":13,"column":71}},"line":13}},"branchMap":{"0":{"loc":{"start":{"line":4,"column":10},"end":{"line":4,"column":47}},"type":"binary-expr","locations":[{"start":{"line":4,"column":10},"end":{"line":4,"column":30}},{"start":{"line":4,"column":34},"end":{"line":4,"column":47}}],"line":4}},"s":{"0":1,"1":1,"2":1,"3":1,"4":2},"f":{"0":2},"b":{"0":[1,1]},"_coverageSchema":"43e27e138ebf9cfc5966b082cf9a028302ed4184","hash":"599c2d593263625b6555f7b2d0fea85d4a931ce3","contentHash":"d6ba23241fb0a86b5d257ab1f82a35a3868e59ae4a433e5f53ed91e31a6feeb4"},"/home/user/Desktop/javascript/FundooNotes/server/config/db.js":{"path":"/home/user/Desktop/javascript/FundooNotes/server/config/db.js","statementMap":{"0":{"start":{"line":4,"column":17},"end":{"line":4,"column":36}},"1":{"start":{"line":6,"column":0},"end":{"line":6,"column":37}},"2":{"start":{"line":7,"column":0},"end":{"line":13,"column":3}},"3":{"start":{"line":8,"column":4},"end":{"line":12,"column":5}},"4":{"start":{"line":9,"column":8},"end":{"line":9,"column":56}},"5":{"start":{"line":11,"column":8},"end":{"line":11,"column":68}}},"fnMap":{"0":{"name":"(anonymous_0)","decl":{"start":{"line":7,"column":69},"end":{"line":7,"column":70}},"loc":{"start":{"line":7,"column":78},"end":{"line":13,"column":1}},"line":7}},"branchMap":{"0":{"loc":{"start":{"line":8,"column":4},"end":{"line":12,"column":5}},"type":"if","locations":[{"start":{"line":8,"column":4},"end":{"line":12,"column":5}},{"start":{"line":8,"column":4},"end":{"line":12,"column":5}}],"line":8}},"s":{"0":1,"1":1,"2":1,"3":1,"4":0,"5":1},"f":{"0":1},"b":{"0":[0,1]},"_coverageSchema":"43e27e138ebf9cfc5966b082cf9a028302ed4184","hash":"283abf9af279f6e24f0ca39d74edcf9d1bde2d5e","contentHash":"91cf21ead82149ce261a236e50c2d2435a3834ad3fabf0ecbfdd97293965cc73"},"/home/user/Desktop/javascript/FundooNotes/server/routes/routes.js":{"path":"/home/user/Desktop/javascript/FundooNotes/server/routes/routes.js","statementMap":{"0":{"start":{"line":8,"column":14},"end":{"line":8,"column":32}},"1":{"start":{"line":9,"column":13},"end":{"line":9,"column":29}},"2":{"start":{"line":10,"column":15},"end":{"line":10,"column":57}},"3":{"start":{"line":11,"column":11},"end":{"line":11,"column":53}},"4":{"start":{"line":12,"column":21},"end":{"line":12,"column":63}},"5":{"start":{"line":17,"column":0},"end":{"line":17,"column":52}},"6":{"start":{"line":18,"column":0},"end":{"line":18,"column":42}},"7":{"start":{"line":19,"column":0},"end":{"line":19,"column":52}},"8":{"start":{"line":20,"column":0},"end":{"line":20,"column":81}},"9":{"start":{"line":21,"column":0},"end":{"line":21,"column":75}},"10":{"start":{"line":22,"column":0},"end":{"line":22,"column":79}},"11":{"start":{"line":27,"column":0},"end":{"line":27,"column":88}},"12":{"start":{"line":32,"column":0},"end":{"line":32,"column":97}},"13":{"start":{"line":33,"column":0},"end":{"line":33,"column":109}},"14":{"start":{"line":34,"column":0},"end":{"line":34,"column":97}},"15":{"start":{"line":35,"column":0},"end":{"line":35,"column":103}},"16":{"start":{"line":40,"column":0},"end":{"line":40,"column":85}},"17":{"start":{"line":41,"column":0},"end":{"line":41,"column":89}},"18":{"start":{"line":42,"column":0},"end":{"line":42,"column":90}},"19":{"start":{"line":47,"column":0},"end":{"line":47,"column":91}},"20":{"start":{"line":48,"column":0},"end":{"line":48,"column":95}},"21":{"start":{"line":49,"column":0},"end":{"line":49,"column":83}},"22":{"start":{"line":54,"column":0},"end":{"line":54,"column":87}},"23":{"start":{"line":59,"column":0},"end":{"line":59,"column":24}}},"fnMap":{},"branchMap":{},"s":{"0":1,"1":1,"2":1,"3":1,"4":1,"5":1,"6":1,"7":1,"8":1,"9":1,"10":1,"11":1,"12":1,"13":1,"14":1,"15":1,"16":1,"17":1,"18":1,"19":1,"20":1,"21":1,"22":1,"23":1},"f":{},"b":{},"_coverageSchema":"43e27e138ebf9cfc5966b082cf9a028302ed4184","hash":"87551284dde31d9da67e5559d67d864176951250","contentHash":"6e9f0693ecb5457e55ae9991e7cf1b1f2d44f8e808e41aa7b765747226129f88"},"/home/user/Desktop/javascript/FundooNotes/server/controllers/user.controllers.js":{"path":"/home/user/Desktop/javascript/FundooNotes/server/controllers/user.controllers.js","statementMap":{"0":{"start":{"line":8,"column":19},"end":{"line":8,"column":55}},"1":{"start":{"line":16,"column":0},"end":{"line":54,"column":1}},"2":{"start":{"line":17,"column":4},"end":{"line":53,"column":5}},"3":{"start":{"line":21,"column":8},"end":{"line":21,"column":77}},"4":{"start":{"line":22,"column":8},"end":{"line":22,"column":78}},"5":{"start":{"line":23,"column":8},"end":{"line":23,"column":74}},"6":{"start":{"line":24,"column":8},"end":{"line":24,"column":64}},"7":{"start":{"line":25,"column":8},"end":{"line":25,"column":80}},"8":{"start":{"line":26,"column":8},"end":{"line":26,"column":99}},"9":{"start":{"line":27,"column":8},"end":{"line":27,"column":77}},"10":{"start":{"line":28,"column":8},"end":{"line":28,"column":129}},"11":{"start":{"line":30,"column":20},"end":{"line":30,"column":42}},"12":{"start":{"line":31,"column":23},"end":{"line":31,"column":25}},"13":{"start":{"line":32,"column":8},"end":{"line":49,"column":9}},"14":{"start":{"line":33,"column":12},"end":{"line":33,"column":37}},"15":{"start":{"line":34,"column":12},"end":{"line":34,"column":35}},"16":{"start":{"line":35,"column":12},"end":{"line":35,"column":50}},"17":{"start":{"line":38,"column":12},"end":{"line":48,"column":15}},"18":{"start":{"line":39,"column":16},"end":{"line":47,"column":17}},"19":{"start":{"line":40,"column":20},"end":{"line":40,"column":45}},"20":{"start":{"line":41,"column":20},"end":{"line":41,"column":41}},"21":{"start":{"line":42,"column":20},"end":{"line":42,"column":58}},"22":{"start":{"line":44,"column":20},"end":{"line":44,"column":44}},"23":{"start":{"line":45,"column":20},"end":{"line":45,"column":43}},"24":{"start":{"line":46,"column":20},"end":{"line":46,"column":58}},"25":{"start":{"line":51,"column":8},"end":{"line":51,"column":25}},"26":{"start":{"line":52,"column":8},"end":{"line":52,"column":24}},"27":{"start":{"line":62,"column":0},"end":{"line":97,"column":1}},"28":{"start":{"line":63,"column":4},"end":{"line":96,"column":5}},"29":{"start":{"line":67,"column":8},"end":{"line":67,"column":74}},"30":{"start":{"line":68,"column":8},"end":{"line":68,"column":64}},"31":{"start":{"line":69,"column":8},"end":{"line":69,"column":77}},"32":{"start":{"line":70,"column":8},"end":{"line":70,"column":129}},"33":{"start":{"line":72,"column":20},"end":{"line":72,"column":42}},"34":{"start":{"line":73,"column":23},"end":{"line":73,"column":25}},"35":{"start":{"line":74,"column":8},"end":{"line":92,"column":9}},"36":{"start":{"line":75,"column":12},"end":{"line":75,"column":37}},"37":{"start":{"line":76,"column":12},"end":{"line":76,"column":35}},"38":{"start":{"line":77,"column":12},"end":{"line":77,"column":50}},"39":{"start":{"line":79,"column":12},"end":{"line":79,"column":42}},"40":{"start":{"line":80,"column":12},"end":{"line":91,"column":15}},"41":{"start":{"line":81,"column":31},"end":{"line":81,"column":33}},"42":{"start":{"line":82,"column":16},"end":{"line":90,"column":17}},"43":{"start":{"line":83,"column":20},"end":{"line":83,"column":45}},"44":{"start":{"line":84,"column":20},"end":{"line":84,"column":41}},"45":{"start":{"line":85,"column":20},"end":{"line":85,"column":58}},"46":{"start":{"line":87,"column":20},"end":{"line":87,"column":44}},"47":{"start":{"line":88,"column":20},"end":{"line":88,"column":43}},"48":{"start":{"line":89,"column":20},"end":{"line":89,"column":58}},"49":{"start":{"line":94,"column":8},"end":{"line":94,"column":25}},"50":{"start":{"line":95,"column":8},"end":{"line":95,"column":24}},"51":{"start":{"line":105,"column":0},"end":{"line":135,"column":1}},"52":{"start":{"line":106,"column":4},"end":{"line":134,"column":5}},"53":{"start":{"line":110,"column":8},"end":{"line":110,"column":74}},"54":{"start":{"line":111,"column":8},"end":{"line":111,"column":64}},"55":{"start":{"line":113,"column":20},"end":{"line":113,"column":42}},"56":{"start":{"line":114,"column":23},"end":{"line":114,"column":25}},"57":{"start":{"line":115,"column":8},"end":{"line":131,"column":9}},"58":{"start":{"line":116,"column":12},"end":{"line":116,"column":37}},"59":{"start":{"line":117,"column":12},"end":{"line":117,"column":35}},"60":{"start":{"line":118,"column":12},"end":{"line":118,"column":50}},"61":{"start":{"line":120,"column":12},"end":{"line":130,"column":15}},"62":{"start":{"line":121,"column":16},"end":{"line":129,"column":17}},"63":{"start":{"line":122,"column":20},"end":{"line":122,"column":45}},"64":{"start":{"line":123,"column":20},"end":{"line":123,"column":41}},"65":{"start":{"line":124,"column":20},"end":{"line":124,"column":58}},"66":{"start":{"line":126,"column":20},"end":{"line":126,"column":44}},"67":{"start":{"line":127,"column":20},"end":{"line":127,"column":43}},"68":{"start":{"line":128,"column":20},"end":{"line":128,"column":58}},"69":{"start":{"line":133,"column":8},"end":{"line":133,"column":24}},"70":{"start":{"line":143,"column":0},"end":{"line":178,"column":1}},"71":{"start":{"line":144,"column":4},"end":{"line":177,"column":5}},"72":{"start":{"line":148,"column":8},"end":{"line":148,"column":77}},"73":{"start":{"line":149,"column":8},"end":{"line":149,"column":129}},"74":{"start":{"line":150,"column":8},"end":{"line":150,"column":57}},"75":{"start":{"line":151,"column":20},"end":{"line":151,"column":42}},"76":{"start":{"line":152,"column":23},"end":{"line":152,"column":25}},"77":{"start":{"line":153,"column":8},"end":{"line":174,"column":9}},"78":{"start":{"line":154,"column":12},"end":{"line":154,"column":37}},"79":{"start":{"line":155,"column":12},"end":{"line":155,"column":35}},"80":{"start":{"line":156,"column":12},"end":{"line":156,"column":50}},"81":{"start":{"line":158,"column":27},"end":{"line":161,"column":13}},"82":{"start":{"line":162,"column":12},"end":{"line":162,"column":47}},"83":{"start":{"line":163,"column":12},"end":{"line":173,"column":15}},"84":{"start":{"line":164,"column":16},"end":{"line":172,"column":17}},"85":{"start":{"line":165,"column":20},"end":{"line":165,"column":45}},"86":{"start":{"line":166,"column":20},"end":{"line":166,"column":41}},"87":{"start":{"line":167,"column":20},"end":{"line":167,"column":58}},"88":{"start":{"line":169,"column":20},"end":{"line":169,"column":44}},"89":{"start":{"line":170,"column":20},"end":{"line":170,"column":43}},"90":{"start":{"line":171,"column":20},"end":{"line":171,"column":58}},"91":{"start":{"line":176,"column":8},"end":{"line":176,"column":24}},"92":{"start":{"line":186,"column":0},"end":{"line":207,"column":1}},"93":{"start":{"line":187,"column":4},"end":{"line":206,"column":5}},"94":{"start":{"line":188,"column":23},"end":{"line":188,"column":25}},"95":{"start":{"line":189,"column":23},"end":{"line":191,"column":9}},"96":{"start":{"line":192,"column":8},"end":{"line":192,"column":49}},"97":{"start":{"line":193,"column":8},"end":{"line":203,"column":11}},"98":{"start":{"line":194,"column":12},"end":{"line":202,"column":13}},"99":{"start":{"line":195,"column":16},"end":{"line":195,"column":41}},"100":{"start":{"line":196,"column":16},"end":{"line":196,"column":37}},"101":{"start":{"line":197,"column":16},"end":{"line":197,"column":54}},"102":{"start":{"line":199,"column":16},"end":{"line":199,"column":40}},"103":{"start":{"line":200,"column":16},"end":{"line":200,"column":39}},"104":{"start":{"line":201,"column":16},"end":{"line":201,"column":54}},"105":{"start":{"line":205,"column":8},"end":{"line":205,"column":24}},"106":{"start":{"line":216,"column":0},"end":{"line":236,"column":1}},"107":{"start":{"line":217,"column":4},"end":{"line":235,"column":5}},"108":{"start":{"line":218,"column":8},"end":{"line":218,"column":44}},"109":{"start":{"line":220,"column":23},"end":{"line":220,"column":25}},"110":{"start":{"line":221,"column":8},"end":{"line":231,"column":10}},"111":{"start":{"line":222,"column":12},"end":{"line":230,"column":13}},"112":{"start":{"line":223,"column":16},"end":{"line":223,"column":41}},"113":{"start":{"line":224,"column":16},"end":{"line":224,"column":37}},"114":{"start":{"line":225,"column":16},"end":{"line":225,"column":54}},"115":{"start":{"line":227,"column":16},"end":{"line":227,"column":40}},"116":{"start":{"line":228,"column":16},"end":{"line":228,"column":39}},"117":{"start":{"line":229,"column":16},"end":{"line":229,"column":54}},"118":{"start":{"line":233,"column":8},"end":{"line":233,"column":24}},"119":{"start":{"line":234,"column":8},"end":{"line":234,"column":24}}},"fnMap":{"0":{"name":"(anonymous_0)","decl":{"start":{"line":16,"column":30},"end":{"line":16,"column":31}},"loc":{"start":{"line":16,"column":44},"end":{"line":54,"column":1}},"line":16},"1":{"name":"(anonymous_1)","decl":{"start":{"line":38,"column":51},"end":{"line":38,"column":52}},"loc":{"start":{"line":38,"column":66},"end":{"line":48,"column":13}},"line":38},"2":{"name":"(anonymous_2)","decl":{"start":{"line":62,"column":27},"end":{"line":62,"column":28}},"loc":{"start":{"line":62,"column":41},"end":{"line":97,"column":1}},"line":62},"3":{"name":"(anonymous_3)","decl":{"start":{"line":80,"column":48},"end":{"line":80,"column":49}},"loc":{"start":{"line":80,"column":63},"end":{"line":91,"column":13}},"line":80},"4":{"name":"(anonymous_4)","decl":{"start":{"line":105,"column":28},"end":{"line":105,"column":29}},"loc":{"start":{"line":105,"column":42},"end":{"line":135,"column":1}},"line":105},"5":{"name":"(anonymous_5)","decl":{"start":{"line":120,"column":49},"end":{"line":120,"column":50}},"loc":{"start":{"line":120,"column":64},"end":{"line":130,"column":13}},"line":120},"6":{"name":"(anonymous_6)","decl":{"start":{"line":143,"column":27},"end":{"line":143,"column":28}},"loc":{"start":{"line":143,"column":41},"end":{"line":178,"column":1}},"line":143},"7":{"name":"(anonymous_7)","decl":{"start":{"line":163,"column":48},"end":{"line":163,"column":49}},"loc":{"start":{"line":163,"column":63},"end":{"line":173,"column":13}},"line":163},"8":{"name":"(anonymous_8)","decl":{"start":{"line":186,"column":28},"end":{"line":186,"column":29}},"loc":{"start":{"line":186,"column":42},"end":{"line":207,"column":1}},"line":186},"9":{"name":"(anonymous_9)","decl":{"start":{"line":193,"column":45},"end":{"line":193,"column":46}},"loc":{"start":{"line":193,"column":60},"end":{"line":203,"column":9}},"line":193},"10":{"name":"(anonymous_10)","decl":{"start":{"line":216,"column":33},"end":{"line":216,"column":34}},"loc":{"start":{"line":216,"column":47},"end":{"line":236,"column":1}},"line":216},"11":{"name":"(anonymous_11)","decl":{"start":{"line":221,"column":45},"end":{"line":221,"column":46}},"loc":{"start":{"line":221,"column":60},"end":{"line":231,"column":9}},"line":221}},"branchMap":{"0":{"loc":{"start":{"line":32,"column":8},"end":{"line":49,"column":9}},"type":"if","locations":[{"start":{"line":32,"column":8},"end":{"line":49,"column":9}},{"start":{"line":32,"column":8},"end":{"line":49,"column":9}}],"line":32},"1":{"loc":{"start":{"line":39,"column":16},"end":{"line":47,"column":17}},"type":"if","locations":[{"start":{"line":39,"column":16},"end":{"line":47,"column":17}},{"start":{"line":39,"column":16},"end":{"line":47,"column":17}}],"line":39},"2":{"loc":{"start":{"line":74,"column":8},"end":{"line":92,"column":9}},"type":"if","locations":[{"start":{"line":74,"column":8},"end":{"line":92,"column":9}},{"start":{"line":74,"column":8},"end":{"line":92,"column":9}}],"line":74},"3":{"loc":{"start":{"line":82,"column":16},"end":{"line":90,"column":17}},"type":"if","locations":[{"start":{"line":82,"column":16},"end":{"line":90,"column":17}},{"start":{"line":82,"column":16},"end":{"line":90,"column":17}}],"line":82},"4":{"loc":{"start":{"line":115,"column":8},"end":{"line":131,"column":9}},"type":"if","locations":[{"start":{"line":115,"column":8},"end":{"line":131,"column":9}},{"start":{"line":115,"column":8},"end":{"line":131,"column":9}}],"line":115},"5":{"loc":{"start":{"line":121,"column":16},"end":{"line":129,"column":17}},"type":"if","locations":[{"start":{"line":121,"column":16},"end":{"line":129,"column":17}},{"start":{"line":121,"column":16},"end":{"line":129,"column":17}}],"line":121},"6":{"loc":{"start":{"line":153,"column":8},"end":{"line":174,"column":9}},"type":"if","locations":[{"start":{"line":153,"column":8},"end":{"line":174,"column":9}},{"start":{"line":153,"column":8},"end":{"line":174,"column":9}}],"line":153},"7":{"loc":{"start":{"line":164,"column":16},"end":{"line":172,"column":17}},"type":"if","locations":[{"start":{"line":164,"column":16},"end":{"line":172,"column":17}},{"start":{"line":164,"column":16},"end":{"line":172,"column":17}}],"line":164},"8":{"loc":{"start":{"line":194,"column":12},"end":{"line":202,"column":13}},"type":"if","locations":[{"start":{"line":194,"column":12},"end":{"line":202,"column":13}},{"start":{"line":194,"column":12},"end":{"line":202,"column":13}}],"line":194},"9":{"loc":{"start":{"line":222,"column":12},"end":{"line":230,"column":13}},"type":"if","locations":[{"start":{"line":222,"column":12},"end":{"line":230,"column":13}},{"start":{"line":222,"column":12},"end":{"line":230,"column":13}}],"line":222}},"s":{"0":1,"1":1,"2":0,"3":0,"4":0,"5":0,"6":0,"7":0,"8":0,"9":0,"10":0,"11":0,"12":0,"13":0,"14":0,"15":0,"16":0,"17":0,"18":0,"19":0,"20":0,"21":0,"22":0,"23":0,"24":0,"25":0,"26":0,"27":1,"28":0,"29":0,"30":0,"31":0,"32":0,"33":0,"34":0,"35":0,"36":0,"37":0,"38":0,"39":0,"40":0,"41":0,"42":0,"43":0,"44":0,"45":0,"46":0,"47":0,"48":0,"49":0,"50":0,"51":1,"52":0,"53":0,"54":0,"55":0,"56":0,"57":0,"58":0,"59":0,"60":0,"61":0,"62":0,"63":0,"64":0,"65":0,"66":0,"67":0,"68":0,"69":0,"70":1,"71":0,"72":0,"73":0,"74":0,"75":0,"76":0,"77":0,"78":0,"79":0,"80":0,"81":0,"82":0,"83":0,"84":0,"85":0,"86":0,"87":0,"88":0,"89":0,"90":0,"91":0,"92":1,"93":0,"94":0,"95":0,"96":0,"97":0,"98":0,"99":0,"100":0,"101":0,"102":0,"103":0,"104":0,"105":0,"106":1,"107":0,"108":0,"109":0,"110":0,"111":0,"112":0,"113":0,"114":0,"115":0,"116":0,"117":0,"118":0,"119":0},"f":{"0":0,"1":0,"2":0,"3":0,"4":0,"5":0,"6":0,"7":0,"8":0,"9":0,"10":0,"11":0},"b":{"0":[0,0],"1":[0,0],"2":[0,0],"3":[0,0],"4":[0,0],"5":[0,0],"6":[0,0],"7":[0,0],"8":[0,0],"9":[0,0]},"_coverageSchema":"43e27e138ebf9cfc5966b082cf9a028302ed4184","hash":"49e955bd5c30f53fddac31083df9a97a7be89e15","contentHash":"316d6dfc3c803f8e0cdec718af5ce65152a1d951dad6e4d5ead4188419b5ee56"},"/home/user/Desktop/javascript/FundooNotes/server/services/user.services.js":{"path":"/home/user/Desktop/javascript/FundooNotes/server/services/user.services.js","statementMap":{"0":{"start":{"line":8,"column":16},"end":{"line":8,"column":47}},"1":{"start":{"line":9,"column":10},"end":{"line":9,"column":28}},"2":{"start":{"line":10,"column":13},"end":{"line":10,"column":30}},"3":{"start":{"line":11,"column":15},"end":{"line":11,"column":35}},"4":{"start":{"line":19,"column":0},"end":{"line":33,"column":1}},"5":{"start":{"line":20,"column":4},"end":{"line":32,"column":5}},"6":{"start":{"line":21,"column":8},"end":{"line":21,"column":34}},"7":{"start":{"line":22,"column":8},"end":{"line":28,"column":11}},"8":{"start":{"line":23,"column":12},"end":{"line":27,"column":13}},"9":{"start":{"line":24,"column":16},"end":{"line":24,"column":37}},"10":{"start":{"line":26,"column":16},"end":{"line":26,"column":44}},"11":{"start":{"line":30,"column":8},"end":{"line":30,"column":25}},"12":{"start":{"line":31,"column":8},"end":{"line":31,"column":29}},"13":{"start":{"line":41,"column":0},"end":{"line":54,"column":1}},"14":{"start":{"line":42,"column":4},"end":{"line":53,"column":5}},"15":{"start":{"line":43,"column":8},"end":{"line":49,"column":11}},"16":{"start":{"line":44,"column":12},"end":{"line":48,"column":13}},"17":{"start":{"line":45,"column":16},"end":{"line":45,"column":37}},"18":{"start":{"line":47,"column":16},"end":{"line":47,"column":44}},"19":{"start":{"line":51,"column":8},"end":{"line":51,"column":25}},"20":{"start":{"line":52,"column":8},"end":{"line":52,"column":29}},"21":{"start":{"line":62,"column":0},"end":{"line":74,"column":1}},"22":{"start":{"line":63,"column":4},"end":{"line":73,"column":5}},"23":{"start":{"line":64,"column":8},"end":{"line":70,"column":11}},"24":{"start":{"line":65,"column":12},"end":{"line":69,"column":13}},"25":{"start":{"line":66,"column":16},"end":{"line":66,"column":37}},"26":{"start":{"line":68,"column":16},"end":{"line":68,"column":44}},"27":{"start":{"line":72,"column":8},"end":{"line":72,"column":29}},"28":{"start":{"line":82,"column":0},"end":{"line":94,"column":1}},"29":{"start":{"line":83,"column":4},"end":{"line":93,"column":5}},"30":{"start":{"line":84,"column":8},"end":{"line":90,"column":11}},"31":{"start":{"line":85,"column":12},"end":{"line":89,"column":13}},"32":{"start":{"line":86,"column":16},"end":{"line":86,"column":37}},"33":{"start":{"line":88,"column":16},"end":{"line":88,"column":44}},"34":{"start":{"line":92,"column":8},"end":{"line":92,"column":29}},"35":{"start":{"line":102,"column":0},"end":{"line":115,"column":1}},"36":{"start":{"line":103,"column":4},"end":{"line":114,"column":5}},"37":{"start":{"line":104,"column":8},"end":{"line":110,"column":11}},"38":{"start":{"line":105,"column":12},"end":{"line":109,"column":13}},"39":{"start":{"line":106,"column":16},"end":{"line":106,"column":37}},"40":{"start":{"line":108,"column":16},"end":{"line":108,"column":44}},"41":{"start":{"line":112,"column":8},"end":{"line":112,"column":25}},"42":{"start":{"line":113,"column":8},"end":{"line":113,"column":29}},"43":{"start":{"line":123,"column":0},"end":{"line":136,"column":1}},"44":{"start":{"line":124,"column":4},"end":{"line":135,"column":5}},"45":{"start":{"line":125,"column":8},"end":{"line":131,"column":11}},"46":{"start":{"line":126,"column":12},"end":{"line":130,"column":13}},"47":{"start":{"line":127,"column":16},"end":{"line":127,"column":37}},"48":{"start":{"line":129,"column":16},"end":{"line":129,"column":44}},"49":{"start":{"line":133,"column":8},"end":{"line":133,"column":25}},"50":{"start":{"line":134,"column":8},"end":{"line":134,"column":29}}},"fnMap":{"0":{"name":"(anonymous_0)","decl":{"start":{"line":19,"column":26},"end":{"line":19,"column":27}},"loc":{"start":{"line":19,"column":54},"end":{"line":33,"column":1}},"line":19},"1":{"name":"(anonymous_1)","decl":{"start":{"line":22,"column":45},"end":{"line":22,"column":46}},"loc":{"start":{"line":22,"column":60},"end":{"line":28,"column":9}},"line":22},"2":{"name":"(anonymous_2)","decl":{"start":{"line":41,"column":23},"end":{"line":41,"column":24}},"loc":{"start":{"line":41,"column":48},"end":{"line":54,"column":1}},"line":41},"3":{"name":"(anonymous_3)","decl":{"start":{"line":43,"column":35},"end":{"line":43,"column":36}},"loc":{"start":{"line":43,"column":50},"end":{"line":49,"column":9}},"line":43},"4":{"name":"(anonymous_4)","decl":{"start":{"line":62,"column":24},"end":{"line":62,"column":25}},"loc":{"start":{"line":62,"column":50},"end":{"line":74,"column":1}},"line":62},"5":{"name":"(anonymous_5)","decl":{"start":{"line":64,"column":37},"end":{"line":64,"column":38}},"loc":{"start":{"line":64,"column":52},"end":{"line":70,"column":9}},"line":64},"6":{"name":"(anonymous_6)","decl":{"start":{"line":82,"column":23},"end":{"line":82,"column":24}},"loc":{"start":{"line":82,"column":48},"end":{"line":94,"column":1}},"line":82},"7":{"name":"(anonymous_7)","decl":{"start":{"line":84,"column":35},"end":{"line":84,"column":36}},"loc":{"start":{"line":84,"column":50},"end":{"line":90,"column":9}},"line":84},"8":{"name":"(anonymous_8)","decl":{"start":{"line":102,"column":24},"end":{"line":102,"column":25}},"loc":{"start":{"line":102,"column":50},"end":{"line":115,"column":1}},"line":102},"9":{"name":"(anonymous_9)","decl":{"start":{"line":104,"column":43},"end":{"line":104,"column":44}},"loc":{"start":{"line":104,"column":58},"end":{"line":110,"column":9}},"line":104},"10":{"name":"(anonymous_10)","decl":{"start":{"line":123,"column":29},"end":{"line":123,"column":30}},"loc":{"start":{"line":123,"column":54},"end":{"line":136,"column":1}},"line":123},"11":{"name":"(anonymous_11)","decl":{"start":{"line":125,"column":41},"end":{"line":125,"column":42}},"loc":{"start":{"line":125,"column":56},"end":{"line":131,"column":9}},"line":125}},"branchMap":{"0":{"loc":{"start":{"line":23,"column":12},"end":{"line":27,"column":13}},"type":"if","locations":[{"start":{"line":23,"column":12},"end":{"line":27,"column":13}},{"start":{"line":23,"column":12},"end":{"line":27,"column":13}}],"line":23},"1":{"loc":{"start":{"line":44,"column":12},"end":{"line":48,"column":13}},"type":"if","locations":[{"start":{"line":44,"column":12},"end":{"line":48,"column":13}},{"start":{"line":44,"column":12},"end":{"line":48,"column":13}}],"line":44},"2":{"loc":{"start":{"line":65,"column":12},"end":{"line":69,"column":13}},"type":"if","locations":[{"start":{"line":65,"column":12},"end":{"line":69,"column":13}},{"start":{"line":65,"column":12},"end":{"line":69,"column":13}}],"line":65},"3":{"loc":{"start":{"line":85,"column":12},"end":{"line":89,"column":13}},"type":"if","locations":[{"start":{"line":85,"column":12},"end":{"line":89,"column":13}},{"start":{"line":85,"column":12},"end":{"line":89,"column":13}}],"line":85},"4":{"loc":{"start":{"line":105,"column":12},"end":{"line":109,"column":13}},"type":"if","locations":[{"start":{"line":105,"column":12},"end":{"line":109,"column":13}},{"start":{"line":105,"column":12},"end":{"line":109,"column":13}}],"line":105},"5":{"loc":{"start":{"line":126,"column":12},"end":{"line":130,"column":13}},"type":"if","locations":[{"start":{"line":126,"column":12},"end":{"line":130,"column":13}},{"start":{"line":126,"column":12},"end":{"line":130,"column":13}}],"line":126}},"s":{"0":1,"1":1,"2":1,"3":1,"4":1,"5":0,"6":0,"7":0,"8":0,"9":0,"10":0,"11":0,"12":0,"13":1,"14":0,"15":0,"16":0,"17":0,"18":0,"19":0,"20":0,"21":1,"22":0,"23":0,"24":0,"25":0,"26":0,"27":0,"28":1,"29":0,"30":0,"31":0,"32":0,"33":0,"34":0,"35":1,"36":0,"37":0,"38":0,"39":0,"40":0,"41":0,"42":0,"43":1,"44":0,"45":0,"46":0,"47":0,"48":0,"49":0,"50":0},"f":{"0":0,"1":0,"2":0,"3":0,"4":0,"5":0,"6":0,"7":0,"8":0,"9":0,"10":0,"11":0},"b":{"0":[0,0],"1":[0,0],"2":[0,0],"3":[0,0],"4":[0,0],"5":[0,0]},"_coverageSchema":"43e27e138ebf9cfc5966b082cf9a028302ed4184","hash":"876923a0c096baa3814cab80b3b6a47d95aef589","contentHash":"e18d0bdb2c619740e686bd9b7340336f7637e467cbfcdf9bbfb4bfd2cc77fcde"},"/home/user/Desktop/javascript/FundooNotes/server/models/user.model.js":{"path":"/home/user/Desktop/javascript/FundooNotes/server/models/user.model.js","statementMap":{"0":{"start":{"line":8,"column":15},"end":{"line":8,"column":34}},"1":{"start":{"line":9,"column":13},"end":{"line":9,"column":32}},"2":{"start":{"line":10,"column":13},"end":{"line":10,"column":48}},"3":{"start":{"line":11,"column":19},"end":{"line":11,"column":56}},"4":{"start":{"line":12,"column":15},"end":{"line":12,"column":55}},"5":{"start":{"line":13,"column":12},"end":{"line":13,"column":28}},"6":{"start":{"line":14,"column":13},"end":{"line":14,"column":33}},"7":{"start":{"line":15,"column":13},"end":{"line":15,"column":50}},"8":{"start":{"line":17,"column":0},"end":{"line":17,"column":27}},"9":{"start":{"line":22,"column":17},"end":{"line":50,"column":6}},"10":{"start":{"line":54,"column":11},"end":{"line":54,"column":47}},"11":{"start":{"line":66,"column":21},"end":{"line":66,"column":43}},"12":{"start":{"line":70,"column":23},"end":{"line":70,"column":60}},"13":{"start":{"line":71,"column":4},"end":{"line":71,"column":47}},"14":{"start":{"line":72,"column":4},"end":{"line":72,"column":24}},"15":{"start":{"line":82,"column":0},"end":{"line":137,"column":1}},"16":{"start":{"line":83,"column":4},"end":{"line":136,"column":5}},"17":{"start":{"line":84,"column":8},"end":{"line":133,"column":11}},"18":{"start":{"line":85,"column":12},"end":{"line":132,"column":13}},"19":{"start":{"line":86,"column":16},"end":{"line":86,"column":37}},"20":{"start":{"line":87,"column":19},"end":{"line":132,"column":13}},"21":{"start":{"line":88,"column":31},"end":{"line":88,"column":83}},"22":{"start":{"line":89,"column":16},"end":{"line":89,"column":42}},"23":{"start":{"line":92,"column":36},"end":{"line":98,"column":18}},"24":{"start":{"line":99,"column":16},"end":{"line":99,"column":57}},"25":{"start":{"line":101,"column":16},"end":{"line":131,"column":19}},"26":{"start":{"line":102,"column":20},"end":{"line":130,"column":21}},"27":{"start":{"line":103,"column":24},"end":{"line":103,"column":41}},"28":{"start":{"line":104,"column":24},"end":{"line":104,"column":45}},"29":{"start":{"line":106,"column":38},"end":{"line":108,"column":25}},"30":{"start":{"line":109,"column":24},"end":{"line":109,"column":56}},"31":{"start":{"line":110,"column":36},"end":{"line":110,"column":75}},"32":{"start":{"line":115,"column":24},"end":{"line":115,"column":83}},"33":{"start":{"line":117,"column":24},"end":{"line":117,"column":62}},"34":{"start":{"line":118,"column":24},"end":{"line":118,"column":122}},"35":{"start":{"line":120,"column":34},"end":{"line":120,"column":76}},"36":{"start":{"line":121,"column":24},"end":{"line":121,"column":48}},"37":{"start":{"line":128,"column":24},"end":{"line":128,"column":65}},"38":{"start":{"line":129,"column":24},"end":{"line":129,"column":51}},"39":{"start":{"line":135,"column":8},"end":{"line":135,"column":29}},"40":{"start":{"line":146,"column":0},"end":{"line":193,"column":1}},"41":{"start":{"line":147,"column":4},"end":{"line":192,"column":5}},"42":{"start":{"line":148,"column":8},"end":{"line":189,"column":11}},"43":{"start":{"line":149,"column":12},"end":{"line":149,"column":50}},"44":{"start":{"line":150,"column":26},"end":{"line":153,"column":13}},"45":{"start":{"line":154,"column":12},"end":{"line":154,"column":49}},"46":{"start":{"line":155,"column":12},"end":{"line":157,"column":13}},"47":{"start":{"line":156,"column":16},"end":{"line":156,"column":33}},"48":{"start":{"line":158,"column":12},"end":{"line":188,"column":13}},"49":{"start":{"line":159,"column":16},"end":{"line":163,"column":17}},"50":{"start":{"line":160,"column":20},"end":{"line":160,"column":61}},"51":{"start":{"line":161,"column":32},"end":{"line":161,"column":68}},"52":{"start":{"line":162,"column":20},"end":{"line":162,"column":93}},"53":{"start":{"line":164,"column":16},"end":{"line":184,"column":19}},"54":{"start":{"line":165,"column":20},"end":{"line":183,"column":21}},"55":{"start":{"line":166,"column":24},"end":{"line":166,"column":45}},"56":{"start":{"line":167,"column":27},"end":{"line":183,"column":21}},"57":{"start":{"line":168,"column":24},"end":{"line":168,"column":87}},"58":{"start":{"line":169,"column":36},"end":{"line":169,"column":72}},"59":{"start":{"line":170,"column":24},"end":{"line":170,"column":63}},"60":{"start":{"line":171,"column":24},"end":{"line":171,"column":70}},"61":{"start":{"line":175,"column":24},"end":{"line":175,"column":83}},"62":{"start":{"line":177,"column":24},"end":{"line":177,"column":58}},"63":{"start":{"line":178,"column":24},"end":{"line":178,"column":81}},"64":{"start":{"line":181,"column":24},"end":{"line":181,"column":69}},"65":{"start":{"line":182,"column":24},"end":{"line":182,"column":74}},"66":{"start":{"line":186,"column":16},"end":{"line":186,"column":55}},"67":{"start":{"line":187,"column":16},"end":{"line":187,"column":59}},"68":{"start":{"line":191,"column":8},"end":{"line":191,"column":29}},"69":{"start":{"line":202,"column":0},"end":{"line":233,"column":1}},"70":{"start":{"line":203,"column":4},"end":{"line":232,"column":5}},"71":{"start":{"line":204,"column":8},"end":{"line":229,"column":11}},"72":{"start":{"line":205,"column":12},"end":{"line":228,"column":13}},"73":{"start":{"line":206,"column":16},"end":{"line":206,"column":37}},"74":{"start":{"line":207,"column":19},"end":{"line":228,"column":13}},"75":{"start":{"line":208,"column":30},"end":{"line":210,"column":17}},"76":{"start":{"line":211,"column":28},"end":{"line":211,"column":65}},"77":{"start":{"line":212,"column":16},"end":{"line":212,"column":82}},"78":{"start":{"line":214,"column":26},"end":{"line":214,"column":75}},"79":{"start":{"line":215,"column":16},"end":{"line":215,"column":47}},"80":{"start":{"line":220,"column":16},"end":{"line":220,"column":75}},"81":{"start":{"line":222,"column":16},"end":{"line":222,"column":61}},"82":{"start":{"line":223,"column":16},"end":{"line":223,"column":81}},"83":{"start":{"line":226,"column":16},"end":{"line":226,"column":56}},"84":{"start":{"line":227,"column":16},"end":{"line":227,"column":75}},"85":{"start":{"line":231,"column":8},"end":{"line":231,"column":29}},"86":{"start":{"line":241,"column":0},"end":{"line":267,"column":1}},"87":{"start":{"line":242,"column":4},"end":{"line":266,"column":5}},"88":{"start":{"line":243,"column":8},"end":{"line":263,"column":11}},"89":{"start":{"line":244,"column":12},"end":{"line":262,"column":13}},"90":{"start":{"line":245,"column":16},"end":{"line":245,"column":33}},"91":{"start":{"line":246,"column":16},"end":{"line":246,"column":37}},"92":{"start":{"line":247,"column":19},"end":{"line":262,"column":13}},"93":{"start":{"line":248,"column":16},"end":{"line":248,"column":73}},"94":{"start":{"line":249,"column":16},"end":{"line":249,"column":58}},"95":{"start":{"line":250,"column":16},"end":{"line":250,"column":60}},"96":{"start":{"line":251,"column":16},"end":{"line":258,"column":19}},"97":{"start":{"line":252,"column":20},"end":{"line":257,"column":21}},"98":{"start":{"line":253,"column":24},"end":{"line":253,"column":45}},"99":{"start":{"line":255,"column":24},"end":{"line":255,"column":66}},"100":{"start":{"line":256,"column":24},"end":{"line":256,"column":52}},"101":{"start":{"line":260,"column":16},"end":{"line":260,"column":51}},"102":{"start":{"line":261,"column":16},"end":{"line":261,"column":55}},"103":{"start":{"line":265,"column":8},"end":{"line":265,"column":29}},"104":{"start":{"line":275,"column":0},"end":{"line":303,"column":1}},"105":{"start":{"line":276,"column":4},"end":{"line":302,"column":5}},"106":{"start":{"line":277,"column":8},"end":{"line":298,"column":11}},"107":{"start":{"line":278,"column":12},"end":{"line":297,"column":13}},"108":{"start":{"line":279,"column":16},"end":{"line":279,"column":33}},"109":{"start":{"line":280,"column":16},"end":{"line":280,"column":37}},"110":{"start":{"line":281,"column":19},"end":{"line":297,"column":13}},"111":{"start":{"line":282,"column":16},"end":{"line":282,"column":52}},"112":{"start":{"line":283,"column":16},"end":{"line":296,"column":17}},"113":{"start":{"line":284,"column":20},"end":{"line":284,"column":61}},"114":{"start":{"line":285,"column":20},"end":{"line":285,"column":66}},"115":{"start":{"line":287,"column":20},"end":{"line":287,"column":41}},"116":{"start":{"line":288,"column":20},"end":{"line":295,"column":22}},"117":{"start":{"line":289,"column":24},"end":{"line":294,"column":25}},"118":{"start":{"line":290,"column":28},"end":{"line":290,"column":49}},"119":{"start":{"line":292,"column":28},"end":{"line":292,"column":90}},"120":{"start":{"line":293,"column":28},"end":{"line":293,"column":121}},"121":{"start":{"line":300,"column":8},"end":{"line":300,"column":25}},"122":{"start":{"line":301,"column":8},"end":{"line":301,"column":29}},"123":{"start":{"line":312,"column":0},"end":{"line":342,"column":1}},"124":{"start":{"line":313,"column":4},"end":{"line":341,"column":5}},"125":{"start":{"line":314,"column":34},"end":{"line":314,"column":56}},"126":{"start":{"line":316,"column":8},"end":{"line":338,"column":10}},"127":{"start":{"line":317,"column":12},"end":{"line":337,"column":13}},"128":{"start":{"line":318,"column":16},"end":{"line":318,"column":33}},"129":{"start":{"line":319,"column":16},"end":{"line":319,"column":37}},"130":{"start":{"line":321,"column":16},"end":{"line":321,"column":68}},"131":{"start":{"line":323,"column":16},"end":{"line":335,"column":22}},"132":{"start":{"line":329,"column":24},"end":{"line":334,"column":25}},"133":{"start":{"line":330,"column":28},"end":{"line":330,"column":45}},"134":{"start":{"line":332,"column":28},"end":{"line":332,"column":72}},"135":{"start":{"line":333,"column":28},"end":{"line":333,"column":52}},"136":{"start":{"line":336,"column":16},"end":{"line":336,"column":46}},"137":{"start":{"line":340,"column":8},"end":{"line":340,"column":29}},"138":{"start":{"line":347,"column":0},"end":{"line":347,"column":33}}},"fnMap":{"0":{"name":"userModel","decl":{"start":{"line":56,"column":9},"end":{"line":56,"column":18}},"loc":{"start":{"line":56,"column":21},"end":{"line":57,"column":1}},"line":56},"1":{"name":"hash","decl":{"start":{"line":62,"column":9},"end":{"line":62,"column":13}},"loc":{"start":{"line":62,"column":24},"end":{"line":73,"column":1}},"line":62},"2":{"name":"(anonymous_2)","decl":{"start":{"line":82,"column":35},"end":{"line":82,"column":36}},"loc":{"start":{"line":82,"column":63},"end":{"line":137,"column":1}},"line":82},"3":{"name":"(anonymous_3)","decl":{"start":{"line":84,"column":51},"end":{"line":84,"column":52}},"loc":{"start":{"line":84,"column":66},"end":{"line":133,"column":9}},"line":84},"4":{"name":"(anonymous_4)","decl":{"start":{"line":101,"column":33},"end":{"line":101,"column":34}},"loc":{"start":{"line":101,"column":47},"end":{"line":131,"column":17}},"line":101},"5":{"name":"(anonymous_5)","decl":{"start":{"line":146,"column":28},"end":{"line":146,"column":29}},"loc":{"start":{"line":146,"column":53},"end":{"line":193,"column":1}},"line":146},"6":{"name":"(anonymous_6)","decl":{"start":{"line":148,"column":51},"end":{"line":148,"column":52}},"loc":{"start":{"line":148,"column":66},"end":{"line":189,"column":9}},"line":148},"7":{"name":"(anonymous_7)","decl":{"start":{"line":164,"column":66},"end":{"line":164,"column":67}},"loc":{"start":{"line":164,"column":83},"end":{"line":184,"column":17}},"line":164},"8":{"name":"(anonymous_8)","decl":{"start":{"line":202,"column":29},"end":{"line":202,"column":30}},"loc":{"start":{"line":202,"column":55},"end":{"line":233,"column":1}},"line":202},"9":{"name":"(anonymous_9)","decl":{"start":{"line":204,"column":52},"end":{"line":204,"column":53}},"loc":{"start":{"line":204,"column":67},"end":{"line":229,"column":9}},"line":204},"10":{"name":"(anonymous_10)","decl":{"start":{"line":241,"column":28},"end":{"line":241,"column":29}},"loc":{"start":{"line":241,"column":53},"end":{"line":267,"column":1}},"line":241},"11":{"name":"(anonymous_11)","decl":{"start":{"line":243,"column":49},"end":{"line":243,"column":50}},"loc":{"start":{"line":243,"column":65},"end":{"line":263,"column":9}},"line":243},"12":{"name":"(anonymous_12)","decl":{"start":{"line":251,"column":27},"end":{"line":251,"column":28}},"loc":{"start":{"line":251,"column":42},"end":{"line":258,"column":17}},"line":251},"13":{"name":"(anonymous_13)","decl":{"start":{"line":275,"column":35},"end":{"line":275,"column":36}},"loc":{"start":{"line":275,"column":61},"end":{"line":303,"column":1}},"line":275},"14":{"name":"(anonymous_14)","decl":{"start":{"line":277,"column":50},"end":{"line":277,"column":51}},"loc":{"start":{"line":277,"column":65},"end":{"line":298,"column":9}},"line":277},"15":{"name":"(anonymous_15)","decl":{"start":{"line":288,"column":30},"end":{"line":288,"column":31}},"loc":{"start":{"line":288,"column":45},"end":{"line":295,"column":21}},"line":288},"16":{"name":"(anonymous_16)","decl":{"start":{"line":312,"column":34},"end":{"line":312,"column":35}},"loc":{"start":{"line":312,"column":59},"end":{"line":342,"column":1}},"line":312},"17":{"name":"(anonymous_17)","decl":{"start":{"line":316,"column":47},"end":{"line":316,"column":48}},"loc":{"start":{"line":316,"column":70},"end":{"line":338,"column":9}},"line":316},"18":{"name":"(anonymous_18)","decl":{"start":{"line":328,"column":41},"end":{"line":328,"column":42}},"loc":{"start":{"line":328,"column":56},"end":{"line":335,"column":21}},"line":328}},"branchMap":{"0":{"loc":{"start":{"line":85,"column":12},"end":{"line":132,"column":13}},"type":"if","locations":[{"start":{"line":85,"column":12},"end":{"line":132,"column":13}},{"start":{"line":85,"column":12},"end":{"line":132,"column":13}}],"line":85},"1":{"loc":{"start":{"line":87,"column":19},"end":{"line":132,"column":13}},"type":"if","locations":[{"start":{"line":87,"column":19},"end":{"line":132,"column":13}},{"start":{"line":87,"column":19},"end":{"line":132,"column":13}}],"line":87},"2":{"loc":{"start":{"line":102,"column":20},"end":{"line":130,"column":21}},"type":"if","locations":[{"start":{"line":102,"column":20},"end":{"line":130,"column":21}},{"start":{"line":102,"column":20},"end":{"line":130,"column":21}}],"line":102},"3":{"loc":{"start":{"line":155,"column":12},"end":{"line":157,"column":13}},"type":"if","locations":[{"start":{"line":155,"column":12},"end":{"line":157,"column":13}},{"start":{"line":155,"column":12},"end":{"line":157,"column":13}}],"line":155},"4":{"loc":{"start":{"line":158,"column":12},"end":{"line":188,"column":13}},"type":"if","locations":[{"start":{"line":158,"column":12},"end":{"line":188,"column":13}},{"start":{"line":158,"column":12},"end":{"line":188,"column":13}}],"line":158},"5":{"loc":{"start":{"line":159,"column":16},"end":{"line":163,"column":17}},"type":"if","locations":[{"start":{"line":159,"column":16},"end":{"line":163,"column":17}},{"start":{"line":159,"column":16},"end":{"line":163,"column":17}}],"line":159},"6":{"loc":{"start":{"line":165,"column":20},"end":{"line":183,"column":21}},"type":"if","locations":[{"start":{"line":165,"column":20},"end":{"line":183,"column":21}},{"start":{"line":165,"column":20},"end":{"line":183,"column":21}}],"line":165},"7":{"loc":{"start":{"line":167,"column":27},"end":{"line":183,"column":21}},"type":"if","locations":[{"start":{"line":167,"column":27},"end":{"line":183,"column":21}},{"start":{"line":167,"column":27},"end":{"line":183,"column":21}}],"line":167},"8":{"loc":{"start":{"line":205,"column":12},"end":{"line":228,"column":13}},"type":"if","locations":[{"start":{"line":205,"column":12},"end":{"line":228,"column":13}},{"start":{"line":205,"column":12},"end":{"line":228,"column":13}}],"line":205},"9":{"loc":{"start":{"line":207,"column":19},"end":{"line":228,"column":13}},"type":"if","locations":[{"start":{"line":207,"column":19},"end":{"line":228,"column":13}},{"start":{"line":207,"column":19},"end":{"line":228,"column":13}}],"line":207},"10":{"loc":{"start":{"line":244,"column":12},"end":{"line":262,"column":13}},"type":"if","locations":[{"start":{"line":244,"column":12},"end":{"line":262,"column":13}},{"start":{"line":244,"column":12},"end":{"line":262,"column":13}}],"line":244},"11":{"loc":{"start":{"line":247,"column":19},"end":{"line":262,"column":13}},"type":"if","locations":[{"start":{"line":247,"column":19},"end":{"line":262,"column":13}},{"start":{"line":247,"column":19},"end":{"line":262,"column":13}}],"line":247},"12":{"loc":{"start":{"line":252,"column":20},"end":{"line":257,"column":21}},"type":"if","locations":[{"start":{"line":252,"column":20},"end":{"line":257,"column":21}},{"start":{"line":252,"column":20},"end":{"line":257,"column":21}}],"line":252},"13":{"loc":{"start":{"line":278,"column":12},"end":{"line":297,"column":13}},"type":"if","locations":[{"start":{"line":278,"column":12},"end":{"line":297,"column":13}},{"start":{"line":278,"column":12},"end":{"line":297,"column":13}}],"line":278},"14":{"loc":{"start":{"line":281,"column":19},"end":{"line":297,"column":13}},"type":"if","locations":[{"start":{"line":281,"column":19},"end":{"line":297,"column":13}},{"start":{"line":281,"column":19},"end":{"line":297,"column":13}}],"line":281},"15":{"loc":{"start":{"line":283,"column":16},"end":{"line":296,"column":17}},"type":"if","locations":[{"start":{"line":283,"column":16},"end":{"line":296,"column":17}},{"start":{"line":283,"column":16},"end":{"line":296,"column":17}}],"line":283},"16":{"loc":{"start":{"line":289,"column":24},"end":{"line":294,"column":25}},"type":"if","locations":[{"start":{"line":289,"column":24},"end":{"line":294,"column":25}},{"start":{"line":289,"column":24},"end":{"line":294,"column":25}}],"line":289},"17":{"loc":{"start":{"line":317,"column":12},"end":{"line":337,"column":13}},"type":"if","locations":[{"start":{"line":317,"column":12},"end":{"line":337,"column":13}},{"start":{"line":317,"column":12},"end":{"line":337,"column":13}}],"line":317},"18":{"loc":{"start":{"line":329,"column":24},"end":{"line":334,"column":25}},"type":"if","locations":[{"start":{"line":329,"column":24},"end":{"line":334,"column":25}},{"start":{"line":329,"column":24},"end":{"line":334,"column":25}}],"line":329}},"s":{"0":1,"1":1,"2":1,"3":1,"4":1,"5":1,"6":1,"7":1,"8":1,"9":1,"10":1,"11":0,"12":0,"13":0,"14":0,"15":1,"16":0,"17":0,"18":0,"19":0,"20":0,"21":0,"22":0,"23":0,"24":0,"25":0,"26":0,"27":0,"28":0,"29":0,"30":0,"31":0,"32":0,"33":0,"34":0,"35":0,"36":0,"37":0,"38":0,"39":0,"40":1,"41":0,"42":0,"43":0,"44":0,"45":0,"46":0,"47":0,"48":0,"49":0,"50":0,"51":0,"52":0,"53":0,"54":0,"55":0,"56":0,"57":0,"58":0,"59":0,"60":0,"61":0,"62":0,"63":0,"64":0,"65":0,"66":0,"67":0,"68":0,"69":1,"70":0,"71":0,"72":0,"73":0,"74":0,"75":0,"76":0,"77":0,"78":0,"79":0,"80":0,"81":0,"82":0,"83":0,"84":0,"85":0,"86":1,"87":0,"88":0,"89":0,"90":0,"91":0,"92":0,"93":0,"94":0,"95":0,"96":0,"97":0,"98":0,"99":0,"100":0,"101":0,"102":0,"103":0,"104":1,"105":0,"106":0,"107":0,"108":0,"109":0,"110":0,"111":0,"112":0,"113":0,"114":0,"115":0,"116":0,"117":0,"118":0,"119":0,"120":0,"121":0,"122":0,"123":1,"124":0,"125":0,"126":0,"127":0,"128":0,"129":0,"130":0,"131":0,"132":0,"133":0,"134":0,"135":0,"136":0,"137":0,"138":1},"f":{"0":1,"1":0,"2":0,"3":0,"4":0,"5":0,"6":0,"7":0,"8":0,"9":0,"10":0,"11":0,"12":0,"13":0,"14":0,"15":0,"16":0,"17":0,"18":0},"b":{"0":[0,0],"1":[0,0],"2":[0,0],"3":[0,0],"4":[0,0],"5":[0,0],"6":[0,0],"7":[0,0],"8":[0,0],"9":[0,0],"10":[0,0],"11":[0,0],"12":[0,0],"13":[0,0],"14":[0,0],"15":[0,0],"16":[0,0],"17":[0,0],"18":[0,0]},"_coverageSchema":"43e27e138ebf9cfc5966b082cf9a028302ed4184","hash":"d34197e11f82b289b8061ee061ccfc124e0aed53","contentHash":"93a51b129c9181530ed2b1670f6a11693bdce357fa709ed018f82aaf5591762b"},"/home/user/Desktop/javascript/FundooNotes/server/middleware/nodemailer.js":{"path":"/home/user/Desktop/javascript/FundooNotes/server/middleware/nodemailer.js","statementMap":{"0":{"start":{"line":8,"column":17},"end":{"line":8,"column":38}},"1":{"start":{"line":10,"column":0},"end":{"line":42,"column":1}},"2":{"start":{"line":13,"column":26},"end":{"line":19,"column":10}},"3":{"start":{"line":24,"column":26},"end":{"line":29,"column":9}},"4":{"start":{"line":34,"column":8},"end":{"line":40,"column":11}},"5":{"start":{"line":35,"column":12},"end":{"line":39,"column":13}},"6":{"start":{"line":36,"column":16},"end":{"line":36,"column":56}},"7":{"start":{"line":38,"column":16},"end":{"line":38,"column":89}}},"fnMap":{"0":{"name":"(anonymous_0)","decl":{"start":{"line":11,"column":4},"end":{"line":11,"column":5}},"loc":{"start":{"line":11,"column":25},"end":{"line":41,"column":5}},"line":11},"1":{"name":"(anonymous_1)","decl":{"start":{"line":34,"column":42},"end":{"line":34,"column":43}},"loc":{"start":{"line":34,"column":57},"end":{"line":40,"column":9}},"line":34}},"branchMap":{"0":{"loc":{"start":{"line":35,"column":12},"end":{"line":39,"column":13}},"type":"if","locations":[{"start":{"line":35,"column":12},"end":{"line":39,"column":13}},{"start":{"line":35,"column":12},"end":{"line":39,"column":13}}],"line":35}},"s":{"0":1,"1":1,"2":0,"3":0,"4":0,"5":0,"6":0,"7":0},"f":{"0":0,"1":0},"b":{"0":[0,0]},"_coverageSchema":"43e27e138ebf9cfc5966b082cf9a028302ed4184","hash":"e2858f3a7c7ae308728f9073739378c3164e79cb","contentHash":"b929464e2882e2163fe7dcf8ee690ea9d2507367fd3ea028d61e080e91b7a2d7"},"/home/user/Desktop/javascript/FundooNotes/server/middleware/forgotmailer.js":{"path":"/home/user/Desktop/javascript/FundooNotes/server/middleware/forgotmailer.js","statementMap":{"0":{"start":{"line":8,"column":17},"end":{"line":8,"column":38}},"1":{"start":{"line":10,"column":0},"end":{"line":41,"column":1}},"2":{"start":{"line":12,"column":26},"end":{"line":18,"column":10}},"3":{"start":{"line":23,"column":26},"end":{"line":28,"column":9}},"4":{"start":{"line":33,"column":8},"end":{"line":39,"column":11}},"5":{"start":{"line":34,"column":12},"end":{"line":38,"column":13}},"6":{"start":{"line":35,"column":16},"end":{"line":35,"column":56}},"7":{"start":{"line":37,"column":16},"end":{"line":37,"column":89}}},"fnMap":{"0":{"name":"(anonymous_0)","decl":{"start":{"line":11,"column":4},"end":{"line":11,"column":5}},"loc":{"start":{"line":11,"column":25},"end":{"line":40,"column":5}},"line":11},"1":{"name":"(anonymous_1)","decl":{"start":{"line":33,"column":42},"end":{"line":33,"column":43}},"loc":{"start":{"line":33,"column":57},"end":{"line":39,"column":9}},"line":33}},"branchMap":{"0":{"loc":{"start":{"line":34,"column":12},"end":{"line":38,"column":13}},"type":"if","locations":[{"start":{"line":34,"column":12},"end":{"line":38,"column":13}},{"start":{"line":34,"column":12},"end":{"line":38,"column":13}}],"line":34}},"s":{"0":1,"1":1,"2":0,"3":0,"4":0,"5":0,"6":0,"7":0},"f":{"0":0,"1":0},"b":{"0":[0,0]},"_coverageSchema":"43e27e138ebf9cfc5966b082cf9a028302ed4184","hash":"6e23c3dc08209499f02f1f5e81c9853e1df2fff8","contentHash":"025673612d8e78f42060be59d1580cfaaf4f448420dd4ab0a07c121dd31cdaa1"},"/home/user/Desktop/javascript/FundooNotes/server/middleware/tokenGeneration.js":{"path":"/home/user/Desktop/javascript/FundooNotes/server/middleware/tokenGeneration.js","statementMap":{"0":{"start":{"line":8,"column":12},"end":{"line":8,"column":35}},"1":{"start":{"line":13,"column":0},"end":{"line":31,"column":1}},"2":{"start":{"line":14,"column":4},"end":{"line":30,"column":5}},"3":{"start":{"line":18,"column":22},"end":{"line":18,"column":91}},"4":{"start":{"line":22,"column":18},"end":{"line":26,"column":9}},"5":{"start":{"line":27,"column":8},"end":{"line":27,"column":19}},"6":{"start":{"line":29,"column":8},"end":{"line":29,"column":50}},"7":{"start":{"line":36,"column":0},"end":{"line":54,"column":1}},"8":{"start":{"line":37,"column":4},"end":{"line":53,"column":5}},"9":{"start":{"line":41,"column":22},"end":{"line":41,"column":88}},"10":{"start":{"line":45,"column":18},"end":{"line":49,"column":9}},"11":{"start":{"line":50,"column":8},"end":{"line":50,"column":19}},"12":{"start":{"line":52,"column":8},"end":{"line":52,"column":50}},"13":{"start":{"line":59,"column":0},"end":{"line":77,"column":1}},"14":{"start":{"line":60,"column":4},"end":{"line":76,"column":5}},"15":{"start":{"line":64,"column":22},"end":{"line":64,"column":89}},"16":{"start":{"line":68,"column":18},"end":{"line":72,"column":9}},"17":{"start":{"line":73,"column":8},"end":{"line":73,"column":19}},"18":{"start":{"line":75,"column":8},"end":{"line":75,"column":50}}},"fnMap":{"0":{"name":"(anonymous_0)","decl":{"start":{"line":13,"column":39},"end":{"line":13,"column":40}},"loc":{"start":{"line":13,"column":58},"end":{"line":31,"column":1}},"line":13},"1":{"name":"(anonymous_1)","decl":{"start":{"line":36,"column":36},"end":{"line":36,"column":37}},"loc":{"start":{"line":36,"column":55},"end":{"line":54,"column":1}},"line":36},"2":{"name":"(anonymous_2)","decl":{"start":{"line":59,"column":37},"end":{"line":59,"column":38}},"loc":{"start":{"line":59,"column":56},"end":{"line":77,"column":1}},"line":59}},"branchMap":{},"s":{"0":1,"1":1,"2":0,"3":0,"4":0,"5":0,"6":0,"7":1,"8":0,"9":0,"10":0,"11":0,"12":0,"13":1,"14":0,"15":0,"16":0,"17":0,"18":0},"f":{"0":0,"1":0,"2":0},"b":{},"_coverageSchema":"43e27e138ebf9cfc5966b082cf9a028302ed4184","hash":"594c6eb3fcc4e7a9037552f90a902c7bf54dc092","contentHash":"ce421aa430c5de0c531fe899d7407407823b08abca8531a0997a69dbd460e39f"},"/home/user/Desktop/javascript/FundooNotes/server/middleware/aws.services.js":{"path":"/home/user/Desktop/javascript/FundooNotes/server/middleware/aws.services.js","statementMap":{"0":{"start":{"line":8,"column":10},"end":{"line":8,"column":28}},"1":{"start":{"line":9,"column":13},"end":{"line":9,"column":30}},"2":{"start":{"line":10,"column":15},"end":{"line":10,"column":35}},"3":{"start":{"line":12,"column":9},"end":{"line":16,"column":2}},"4":{"start":{"line":20,"column":19},"end":{"line":26,"column":1}},"5":{"start":{"line":21,"column":4},"end":{"line":25,"column":5}},"6":{"start":{"line":22,"column":8},"end":{"line":22,"column":28}},"7":{"start":{"line":24,"column":8},"end":{"line":24,"column":80}},"8":{"start":{"line":28,"column":13},"end":{"line":41,"column":2}},"9":{"start":{"line":35,"column":12},"end":{"line":35,"column":53}},"10":{"start":{"line":38,"column":12},"end":{"line":38,"column":49}},"11":{"start":{"line":43,"column":0},"end":{"line":43,"column":24}}},"fnMap":{"0":{"name":"(anonymous_0)","decl":{"start":{"line":20,"column":19},"end":{"line":20,"column":20}},"loc":{"start":{"line":20,"column":48},"end":{"line":26,"column":1}},"line":20},"1":{"name":"(anonymous_1)","decl":{"start":{"line":34,"column":18},"end":{"line":34,"column":19}},"loc":{"start":{"line":34,"column":47},"end":{"line":36,"column":9}},"line":34},"2":{"name":"(anonymous_2)","decl":{"start":{"line":37,"column":14},"end":{"line":37,"column":15}},"loc":{"start":{"line":37,"column":43},"end":{"line":39,"column":9}},"line":37}},"branchMap":{"0":{"loc":{"start":{"line":21,"column":4},"end":{"line":25,"column":5}},"type":"if","locations":[{"start":{"line":21,"column":4},"end":{"line":25,"column":5}},{"start":{"line":21,"column":4},"end":{"line":25,"column":5}}],"line":21},"1":{"loc":{"start":{"line":21,"column":7},"end":{"line":21,"column":70}},"type":"binary-expr","locations":[{"start":{"line":21,"column":7},"end":{"line":21,"column":37}},{"start":{"line":21,"column":41},"end":{"line":21,"column":70}}],"line":21}},"s":{"0":1,"1":1,"2":1,"3":1,"4":1,"5":0,"6":0,"7":0,"8":1,"9":0,"10":0,"11":1},"f":{"0":0,"1":0,"2":0},"b":{"0":[0,0],"1":[0,0]},"_coverageSchema":"43e27e138ebf9cfc5966b082cf9a028302ed4184","hash":"39512c03091af7fd1135c172786df37d4f0601a7","contentHash":"5808deeac2d32a671588f0a5b6998897065c8d8cffd5ab78dd393957a0abe5ec"},"/home/user/Desktop/javascript/FundooNotes/server/middleware/tokenVerification.js":{"path":"/home/user/Desktop/javascript/FundooNotes/server/middleware/tokenVerification.js","statementMap":{"0":{"start":{"line":8,"column":12},"end":{"line":8,"column":35}},"1":{"start":{"line":9,"column":12},"end":{"line":9,"column":28}},"2":{"start":{"line":10,"column":13},"end":{"line":10,"column":33}},"3":{"start":{"line":11,"column":0},"end":{"line":11,"column":27}},"4":{"start":{"line":13,"column":0},"end":{"line":49,"column":1}},"5":{"start":{"line":14,"column":4},"end":{"line":48,"column":5}},"6":{"start":{"line":18,"column":20},"end":{"line":18,"column":59}},"7":{"start":{"line":19,"column":8},"end":{"line":19,"column":54}},"8":{"start":{"line":20,"column":8},"end":{"line":45,"column":11}},"9":{"start":{"line":21,"column":12},"end":{"line":44,"column":13}},"10":{"start":{"line":22,"column":16},"end":{"line":22,"column":33}},"11":{"start":{"line":24,"column":16},"end":{"line":24,"column":86}},"12":{"start":{"line":25,"column":26},"end":{"line":27,"column":17}},"13":{"start":{"line":29,"column":16},"end":{"line":43,"column":17}},"14":{"start":{"line":33,"column":20},"end":{"line":42,"column":23}},"15":{"start":{"line":34,"column":24},"end":{"line":41,"column":25}},"16":{"start":{"line":35,"column":28},"end":{"line":35,"column":61}},"17":{"start":{"line":37,"column":28},"end":{"line":37,"column":47}},"18":{"start":{"line":38,"column":28},"end":{"line":38,"column":54}},"19":{"start":{"line":39,"column":28},"end":{"line":39,"column":69}},"20":{"start":{"line":40,"column":28},"end":{"line":40,"column":35}},"21":{"start":{"line":47,"column":8},"end":{"line":47,"column":52}}},"fnMap":{"0":{"name":"(anonymous_0)","decl":{"start":{"line":13,"column":35},"end":{"line":13,"column":36}},"loc":{"start":{"line":13,"column":61},"end":{"line":49,"column":1}},"line":13},"1":{"name":"(anonymous_1)","decl":{"start":{"line":20,"column":35},"end":{"line":20,"column":36}},"loc":{"start":{"line":20,"column":50},"end":{"line":45,"column":9}},"line":20},"2":{"name":"(anonymous_2)","decl":{"start":{"line":33,"column":99},"end":{"line":33,"column":100}},"loc":{"start":{"line":33,"column":114},"end":{"line":42,"column":21}},"line":33}},"branchMap":{"0":{"loc":{"start":{"line":18,"column":20},"end":{"line":18,"column":59}},"type":"binary-expr","locations":[{"start":{"line":18,"column":20},"end":{"line":18,"column":39}},{"start":{"line":18,"column":43},"end":{"line":18,"column":59}}],"line":18},"1":{"loc":{"start":{"line":21,"column":12},"end":{"line":44,"column":13}},"type":"if","locations":[{"start":{"line":21,"column":12},"end":{"line":44,"column":13}},{"start":{"line":21,"column":12},"end":{"line":44,"column":13}}],"line":21},"2":{"loc":{"start":{"line":29,"column":16},"end":{"line":43,"column":17}},"type":"if","locations":[{"start":{"line":29,"column":16},"end":{"line":43,"column":17}},{"start":{"line":29,"column":16},"end":{"line":43,"column":17}}],"line":29},"3":{"loc":{"start":{"line":33,"column":37},"end":{"line":33,"column":97}},"type":"binary-expr","locations":[{"start":{"line":33,"column":37},"end":{"line":33,"column":53}},{"start":{"line":33,"column":57},"end":{"line":33,"column":76}},{"start":{"line":33,"column":80},"end":{"line":33,"column":97}}],"line":33},"4":{"loc":{"start":{"line":34,"column":24},"end":{"line":41,"column":25}},"type":"if","locations":[{"start":{"line":34,"column":24},"end":{"line":41,"column":25}},{"start":{"line":34,"column":24},"end":{"line":41,"column":25}}],"line":34}},"s":{"0":1,"1":1,"2":1,"3":1,"4":1,"5":2,"6":2,"7":2,"8":2,"9":2,"10":0,"11":2,"12":2,"13":2,"14":2,"15":2,"16":2,"17":0,"18":0,"19":0,"20":0,"21":0},"f":{"0":2,"1":2,"2":2},"b":{"0":[2,0],"1":[0,2],"2":[2,0],"3":[2,0,0],"4":[2,0]},"_coverageSchema":"43e27e138ebf9cfc5966b082cf9a028302ed4184","hash":"eee853fbeaed023a9ce3b662a6d3fd158c96dfe9","contentHash":"7bd82ccd653ea96d3db1154a220436d9afdfb127c5982c2a31b9e54423520cb8"},"/home/user/Desktop/javascript/FundooNotes/server/controllers/notes.controller.js":{"path":"/home/user/Desktop/javascript/FundooNotes/server/controllers/notes.controller.js","statementMap":{"0":{"start":{"line":8,"column":19},"end":{"line":8,"column":56}},"1":{"start":{"line":17,"column":0},"end":{"line":59,"column":1}},"2":{"start":{"line":18,"column":4},"end":{"line":58,"column":5}},"3":{"start":{"line":22,"column":8},"end":{"line":22,"column":71}},"4":{"start":{"line":23,"column":8},"end":{"line":23,"column":83}},"5":{"start":{"line":24,"column":21},"end":{"line":24,"column":43}},"6":{"start":{"line":25,"column":23},"end":{"line":25,"column":25}},"7":{"start":{"line":29,"column":25},"end":{"line":36,"column":9}},"8":{"start":{"line":37,"column":8},"end":{"line":37,"column":54}},"9":{"start":{"line":38,"column":8},"end":{"line":54,"column":9}},"10":{"start":{"line":39,"column":12},"end":{"line":39,"column":37}},"11":{"start":{"line":40,"column":12},"end":{"line":40,"column":36}},"12":{"start":{"line":41,"column":12},"end":{"line":41,"column":50}},"13":{"start":{"line":43,"column":12},"end":{"line":53,"column":15}},"14":{"start":{"line":44,"column":16},"end":{"line":52,"column":17}},"15":{"start":{"line":45,"column":20},"end":{"line":45,"column":45}},"16":{"start":{"line":46,"column":20},"end":{"line":46,"column":41}},"17":{"start":{"line":47,"column":20},"end":{"line":47,"column":58}},"18":{"start":{"line":49,"column":20},"end":{"line":49,"column":44}},"19":{"start":{"line":50,"column":20},"end":{"line":50,"column":43}},"20":{"start":{"line":51,"column":20},"end":{"line":51,"column":58}},"21":{"start":{"line":56,"column":8},"end":{"line":56,"column":25}},"22":{"start":{"line":57,"column":8},"end":{"line":57,"column":24}},"23":{"start":{"line":68,"column":0},"end":{"line":106,"column":1}},"24":{"start":{"line":69,"column":4},"end":{"line":105,"column":5}},"25":{"start":{"line":73,"column":8},"end":{"line":73,"column":69}},"26":{"start":{"line":74,"column":8},"end":{"line":74,"column":71}},"27":{"start":{"line":75,"column":21},"end":{"line":75,"column":43}},"28":{"start":{"line":76,"column":23},"end":{"line":76,"column":25}},"29":{"start":{"line":80,"column":25},"end":{"line":83,"column":9}},"30":{"start":{"line":84,"column":8},"end":{"line":84,"column":54}},"31":{"start":{"line":85,"column":8},"end":{"line":101,"column":9}},"32":{"start":{"line":86,"column":12},"end":{"line":86,"column":37}},"33":{"start":{"line":87,"column":12},"end":{"line":87,"column":36}},"34":{"start":{"line":88,"column":12},"end":{"line":88,"column":50}},"35":{"start":{"line":90,"column":12},"end":{"line":100,"column":15}},"36":{"start":{"line":91,"column":16},"end":{"line":99,"column":17}},"37":{"start":{"line":92,"column":20},"end":{"line":92,"column":45}},"38":{"start":{"line":93,"column":20},"end":{"line":93,"column":41}},"39":{"start":{"line":94,"column":20},"end":{"line":94,"column":58}},"40":{"start":{"line":96,"column":20},"end":{"line":96,"column":44}},"41":{"start":{"line":97,"column":20},"end":{"line":97,"column":43}},"42":{"start":{"line":98,"column":20},"end":{"line":98,"column":58}},"43":{"start":{"line":103,"column":8},"end":{"line":103,"column":25}},"44":{"start":{"line":104,"column":8},"end":{"line":104,"column":24}},"45":{"start":{"line":115,"column":0},"end":{"line":151,"column":1}},"46":{"start":{"line":116,"column":4},"end":{"line":150,"column":5}},"47":{"start":{"line":120,"column":8},"end":{"line":120,"column":69}},"48":{"start":{"line":121,"column":8},"end":{"line":121,"column":83}},"49":{"start":{"line":122,"column":21},"end":{"line":122,"column":43}},"50":{"start":{"line":123,"column":23},"end":{"line":123,"column":25}},"51":{"start":{"line":127,"column":25},"end":{"line":130,"column":9}},"52":{"start":{"line":131,"column":8},"end":{"line":147,"column":9}},"53":{"start":{"line":132,"column":12},"end":{"line":132,"column":37}},"54":{"start":{"line":133,"column":12},"end":{"line":133,"column":36}},"55":{"start":{"line":134,"column":12},"end":{"line":134,"column":50}},"56":{"start":{"line":136,"column":12},"end":{"line":146,"column":14}},"57":{"start":{"line":137,"column":16},"end":{"line":145,"column":17}},"58":{"start":{"line":138,"column":20},"end":{"line":138,"column":45}},"59":{"start":{"line":139,"column":20},"end":{"line":139,"column":41}},"60":{"start":{"line":140,"column":20},"end":{"line":140,"column":58}},"61":{"start":{"line":142,"column":20},"end":{"line":142,"column":44}},"62":{"start":{"line":143,"column":20},"end":{"line":143,"column":43}},"63":{"start":{"line":144,"column":20},"end":{"line":144,"column":58}},"64":{"start":{"line":149,"column":8},"end":{"line":149,"column":23}},"65":{"start":{"line":160,"column":0},"end":{"line":196,"column":1}},"66":{"start":{"line":161,"column":4},"end":{"line":195,"column":5}},"67":{"start":{"line":165,"column":8},"end":{"line":165,"column":69}},"68":{"start":{"line":166,"column":8},"end":{"line":166,"column":71}},"69":{"start":{"line":167,"column":21},"end":{"line":167,"column":43}},"70":{"start":{"line":168,"column":23},"end":{"line":168,"column":25}},"71":{"start":{"line":172,"column":25},"end":{"line":175,"column":9}},"72":{"start":{"line":176,"column":8},"end":{"line":192,"column":9}},"73":{"start":{"line":177,"column":12},"end":{"line":177,"column":37}},"74":{"start":{"line":178,"column":12},"end":{"line":178,"column":36}},"75":{"start":{"line":179,"column":12},"end":{"line":179,"column":50}},"76":{"start":{"line":181,"column":12},"end":{"line":191,"column":14}},"77":{"start":{"line":182,"column":16},"end":{"line":190,"column":17}},"78":{"start":{"line":183,"column":20},"end":{"line":183,"column":45}},"79":{"start":{"line":184,"column":20},"end":{"line":184,"column":41}},"80":{"start":{"line":185,"column":20},"end":{"line":185,"column":58}},"81":{"start":{"line":187,"column":20},"end":{"line":187,"column":44}},"82":{"start":{"line":188,"column":20},"end":{"line":188,"column":43}},"83":{"start":{"line":189,"column":20},"end":{"line":189,"column":58}},"84":{"start":{"line":194,"column":8},"end":{"line":194,"column":24}},"85":{"start":{"line":205,"column":0},"end":{"line":241,"column":1}},"86":{"start":{"line":206,"column":4},"end":{"line":240,"column":5}},"87":{"start":{"line":210,"column":8},"end":{"line":210,"column":69}},"88":{"start":{"line":211,"column":8},"end":{"line":211,"column":77}},"89":{"start":{"line":212,"column":21},"end":{"line":212,"column":43}},"90":{"start":{"line":213,"column":23},"end":{"line":213,"column":25}},"91":{"start":{"line":217,"column":25},"end":{"line":220,"column":9}},"92":{"start":{"line":221,"column":8},"end":{"line":237,"column":9}},"93":{"start":{"line":222,"column":12},"end":{"line":222,"column":37}},"94":{"start":{"line":223,"column":12},"end":{"line":223,"column":36}},"95":{"start":{"line":224,"column":12},"end":{"line":224,"column":50}},"96":{"start":{"line":226,"column":12},"end":{"line":236,"column":14}},"97":{"start":{"line":227,"column":16},"end":{"line":235,"column":17}},"98":{"start":{"line":228,"column":20},"end":{"line":228,"column":45}},"99":{"start":{"line":229,"column":20},"end":{"line":229,"column":41}},"100":{"start":{"line":230,"column":20},"end":{"line":230,"column":58}},"101":{"start":{"line":232,"column":20},"end":{"line":232,"column":44}},"102":{"start":{"line":233,"column":20},"end":{"line":233,"column":43}},"103":{"start":{"line":234,"column":20},"end":{"line":234,"column":57}},"104":{"start":{"line":239,"column":8},"end":{"line":239,"column":24}},"105":{"start":{"line":250,"column":0},"end":{"line":284,"column":1}},"106":{"start":{"line":251,"column":4},"end":{"line":283,"column":5}},"107":{"start":{"line":255,"column":8},"end":{"line":255,"column":69}},"108":{"start":{"line":256,"column":21},"end":{"line":256,"column":43}},"109":{"start":{"line":257,"column":23},"end":{"line":257,"column":25}},"110":{"start":{"line":261,"column":25},"end":{"line":263,"column":9}},"111":{"start":{"line":264,"column":8},"end":{"line":280,"column":9}},"112":{"start":{"line":265,"column":12},"end":{"line":265,"column":37}},"113":{"start":{"line":266,"column":12},"end":{"line":266,"column":36}},"114":{"start":{"line":267,"column":12},"end":{"line":267,"column":50}},"115":{"start":{"line":269,"column":12},"end":{"line":279,"column":14}},"116":{"start":{"line":270,"column":16},"end":{"line":278,"column":17}},"117":{"start":{"line":271,"column":20},"end":{"line":271,"column":45}},"118":{"start":{"line":272,"column":20},"end":{"line":272,"column":41}},"119":{"start":{"line":273,"column":20},"end":{"line":273,"column":58}},"120":{"start":{"line":275,"column":20},"end":{"line":275,"column":44}},"121":{"start":{"line":276,"column":20},"end":{"line":276,"column":43}},"122":{"start":{"line":277,"column":20},"end":{"line":277,"column":58}},"123":{"start":{"line":282,"column":8},"end":{"line":282,"column":24}},"124":{"start":{"line":293,"column":0},"end":{"line":327,"column":1}},"125":{"start":{"line":294,"column":4},"end":{"line":326,"column":5}},"126":{"start":{"line":298,"column":8},"end":{"line":298,"column":69}},"127":{"start":{"line":299,"column":21},"end":{"line":299,"column":43}},"128":{"start":{"line":300,"column":23},"end":{"line":300,"column":25}},"129":{"start":{"line":304,"column":25},"end":{"line":306,"column":9}},"130":{"start":{"line":307,"column":8},"end":{"line":323,"column":9}},"131":{"start":{"line":308,"column":12},"end":{"line":308,"column":37}},"132":{"start":{"line":309,"column":12},"end":{"line":309,"column":36}},"133":{"start":{"line":310,"column":12},"end":{"line":310,"column":50}},"134":{"start":{"line":312,"column":12},"end":{"line":322,"column":14}},"135":{"start":{"line":313,"column":16},"end":{"line":321,"column":17}},"136":{"start":{"line":314,"column":20},"end":{"line":314,"column":45}},"137":{"start":{"line":315,"column":20},"end":{"line":315,"column":41}},"138":{"start":{"line":316,"column":20},"end":{"line":316,"column":58}},"139":{"start":{"line":318,"column":20},"end":{"line":318,"column":44}},"140":{"start":{"line":319,"column":20},"end":{"line":319,"column":43}},"141":{"start":{"line":320,"column":20},"end":{"line":320,"column":58}},"142":{"start":{"line":325,"column":8},"end":{"line":325,"column":23}},"143":{"start":{"line":336,"column":0},"end":{"line":370,"column":1}},"144":{"start":{"line":337,"column":4},"end":{"line":369,"column":5}},"145":{"start":{"line":341,"column":8},"end":{"line":341,"column":69}},"146":{"start":{"line":342,"column":21},"end":{"line":342,"column":43}},"147":{"start":{"line":343,"column":23},"end":{"line":343,"column":25}},"148":{"start":{"line":347,"column":25},"end":{"line":349,"column":9}},"149":{"start":{"line":350,"column":8},"end":{"line":366,"column":9}},"150":{"start":{"line":351,"column":12},"end":{"line":351,"column":37}},"151":{"start":{"line":352,"column":12},"end":{"line":352,"column":36}},"152":{"start":{"line":353,"column":12},"end":{"line":353,"column":50}},"153":{"start":{"line":355,"column":12},"end":{"line":365,"column":14}},"154":{"start":{"line":356,"column":16},"end":{"line":364,"column":17}},"155":{"start":{"line":357,"column":20},"end":{"line":357,"column":45}},"156":{"start":{"line":358,"column":20},"end":{"line":358,"column":41}},"157":{"start":{"line":359,"column":20},"end":{"line":359,"column":58}},"158":{"start":{"line":361,"column":20},"end":{"line":361,"column":44}},"159":{"start":{"line":362,"column":20},"end":{"line":362,"column":43}},"160":{"start":{"line":363,"column":20},"end":{"line":363,"column":57}},"161":{"start":{"line":368,"column":8},"end":{"line":368,"column":24}},"162":{"start":{"line":379,"column":0},"end":{"line":402,"column":1}},"163":{"start":{"line":380,"column":4},"end":{"line":401,"column":5}},"164":{"start":{"line":384,"column":25},"end":{"line":386,"column":9}},"165":{"start":{"line":387,"column":23},"end":{"line":387,"column":25}},"166":{"start":{"line":388,"column":8},"end":{"line":398,"column":10}},"167":{"start":{"line":389,"column":12},"end":{"line":397,"column":13}},"168":{"start":{"line":390,"column":16},"end":{"line":390,"column":41}},"169":{"start":{"line":391,"column":16},"end":{"line":391,"column":37}},"170":{"start":{"line":392,"column":16},"end":{"line":392,"column":54}},"171":{"start":{"line":394,"column":16},"end":{"line":394,"column":40}},"172":{"start":{"line":395,"column":16},"end":{"line":395,"column":39}},"173":{"start":{"line":396,"column":16},"end":{"line":396,"column":54}},"174":{"start":{"line":400,"column":8},"end":{"line":400,"column":24}},"175":{"start":{"line":411,"column":0},"end":{"line":434,"column":1}},"176":{"start":{"line":412,"column":4},"end":{"line":433,"column":5}},"177":{"start":{"line":416,"column":25},"end":{"line":418,"column":9}},"178":{"start":{"line":419,"column":23},"end":{"line":419,"column":25}},"179":{"start":{"line":420,"column":8},"end":{"line":430,"column":10}},"180":{"start":{"line":421,"column":12},"end":{"line":429,"column":13}},"181":{"start":{"line":422,"column":16},"end":{"line":422,"column":41}},"182":{"start":{"line":423,"column":16},"end":{"line":423,"column":37}},"183":{"start":{"line":424,"column":16},"end":{"line":424,"column":54}},"184":{"start":{"line":426,"column":16},"end":{"line":426,"column":40}},"185":{"start":{"line":427,"column":16},"end":{"line":427,"column":39}},"186":{"start":{"line":428,"column":16},"end":{"line":428,"column":54}},"187":{"start":{"line":432,"column":8},"end":{"line":432,"column":24}},"188":{"start":{"line":443,"column":0},"end":{"line":466,"column":1}},"189":{"start":{"line":444,"column":4},"end":{"line":465,"column":5}},"190":{"start":{"line":448,"column":25},"end":{"line":450,"column":9}},"191":{"start":{"line":451,"column":23},"end":{"line":451,"column":25}},"192":{"start":{"line":452,"column":8},"end":{"line":462,"column":10}},"193":{"start":{"line":453,"column":12},"end":{"line":461,"column":13}},"194":{"start":{"line":454,"column":16},"end":{"line":454,"column":41}},"195":{"start":{"line":455,"column":16},"end":{"line":455,"column":37}},"196":{"start":{"line":456,"column":16},"end":{"line":456,"column":54}},"197":{"start":{"line":458,"column":16},"end":{"line":458,"column":40}},"198":{"start":{"line":459,"column":16},"end":{"line":459,"column":39}},"199":{"start":{"line":460,"column":16},"end":{"line":460,"column":54}},"200":{"start":{"line":464,"column":8},"end":{"line":464,"column":24}},"201":{"start":{"line":475,"column":0},"end":{"line":498,"column":1}},"202":{"start":{"line":476,"column":4},"end":{"line":497,"column":5}},"203":{"start":{"line":480,"column":25},"end":{"line":482,"column":9}},"204":{"start":{"line":483,"column":23},"end":{"line":483,"column":25}},"205":{"start":{"line":484,"column":8},"end":{"line":494,"column":10}},"206":{"start":{"line":485,"column":12},"end":{"line":493,"column":13}},"207":{"start":{"line":486,"column":16},"end":{"line":486,"column":41}},"208":{"start":{"line":487,"column":16},"end":{"line":487,"column":37}},"209":{"start":{"line":488,"column":16},"end":{"line":488,"column":54}},"210":{"start":{"line":490,"column":16},"end":{"line":490,"column":40}},"211":{"start":{"line":491,"column":16},"end":{"line":491,"column":39}},"212":{"start":{"line":492,"column":16},"end":{"line":492,"column":54}},"213":{"start":{"line":496,"column":8},"end":{"line":496,"column":24}}},"fnMap":{"0":{"name":"(anonymous_0)","decl":{"start":{"line":17,"column":38},"end":{"line":17,"column":39}},"loc":{"start":{"line":17,"column":52},"end":{"line":59,"column":1}},"line":17},"1":{"name":"(anonymous_1)","decl":{"start":{"line":43,"column":55},"end":{"line":43,"column":56}},"loc":{"start":{"line":43,"column":70},"end":{"line":53,"column":13}},"line":43},"2":{"name":"(anonymous_2)","decl":{"start":{"line":68,"column":43},"end":{"line":68,"column":44}},"loc":{"start":{"line":68,"column":57},"end":{"line":106,"column":1}},"line":68},"3":{"name":"(anonymous_3)","decl":{"start":{"line":90,"column":60},"end":{"line":90,"column":61}},"loc":{"start":{"line":90,"column":75},"end":{"line":100,"column":13}},"line":90},"4":{"name":"(anonymous_4)","decl":{"start":{"line":115,"column":49},"end":{"line":115,"column":50}},"loc":{"start":{"line":115,"column":63},"end":{"line":151,"column":1}},"line":115},"5":{"name":"(anonymous_5)","decl":{"start":{"line":136,"column":66},"end":{"line":136,"column":67}},"loc":{"start":{"line":136,"column":81},"end":{"line":146,"column":13}},"line":136},"6":{"name":"(anonymous_6)","decl":{"start":{"line":160,"column":43},"end":{"line":160,"column":44}},"loc":{"start":{"line":160,"column":57},"end":{"line":196,"column":1}},"line":160},"7":{"name":"(anonymous_7)","decl":{"start":{"line":181,"column":60},"end":{"line":181,"column":61}},"loc":{"start":{"line":181,"column":75},"end":{"line":191,"column":13}},"line":181},"8":{"name":"(anonymous_8)","decl":{"start":{"line":205,"column":46},"end":{"line":205,"column":47}},"loc":{"start":{"line":205,"column":60},"end":{"line":241,"column":1}},"line":205},"9":{"name":"(anonymous_9)","decl":{"start":{"line":226,"column":63},"end":{"line":226,"column":64}},"loc":{"start":{"line":226,"column":78},"end":{"line":236,"column":13}},"line":226},"10":{"name":"(anonymous_10)","decl":{"start":{"line":250,"column":37},"end":{"line":250,"column":38}},"loc":{"start":{"line":250,"column":51},"end":{"line":284,"column":1}},"line":250},"11":{"name":"(anonymous_11)","decl":{"start":{"line":269,"column":55},"end":{"line":269,"column":56}},"loc":{"start":{"line":269,"column":70},"end":{"line":279,"column":13}},"line":269},"12":{"name":"(anonymous_12)","decl":{"start":{"line":293,"column":39},"end":{"line":293,"column":40}},"loc":{"start":{"line":293,"column":53},"end":{"line":327,"column":1}},"line":293},"13":{"name":"(anonymous_13)","decl":{"start":{"line":312,"column":57},"end":{"line":312,"column":58}},"loc":{"start":{"line":312,"column":72},"end":{"line":322,"column":13}},"line":312},"14":{"name":"(anonymous_14)","decl":{"start":{"line":336,"column":38},"end":{"line":336,"column":39}},"loc":{"start":{"line":336,"column":52},"end":{"line":370,"column":1}},"line":336},"15":{"name":"(anonymous_15)","decl":{"start":{"line":355,"column":56},"end":{"line":355,"column":57}},"loc":{"start":{"line":355,"column":71},"end":{"line":365,"column":13}},"line":355},"16":{"name":"(anonymous_16)","decl":{"start":{"line":379,"column":40},"end":{"line":379,"column":41}},"loc":{"start":{"line":379,"column":54},"end":{"line":402,"column":1}},"line":379},"17":{"name":"(anonymous_17)","decl":{"start":{"line":388,"column":54},"end":{"line":388,"column":55}},"loc":{"start":{"line":388,"column":69},"end":{"line":398,"column":9}},"line":388},"18":{"name":"(anonymous_18)","decl":{"start":{"line":411,"column":42},"end":{"line":411,"column":43}},"loc":{"start":{"line":411,"column":56},"end":{"line":434,"column":1}},"line":411},"19":{"name":"(anonymous_19)","decl":{"start":{"line":420,"column":56},"end":{"line":420,"column":57}},"loc":{"start":{"line":420,"column":71},"end":{"line":430,"colu
[...]
nd":{"line":143,"column":45}},{"start":{"line":143,"column":49},"end":{"line":143,"column":73}}],"line":143},"8":{"loc":{"start":{"line":146,"column":24},"end":{"line":150,"column":25}},"type":"if","locations":[{"start":{"line":146,"column":24},"end":{"line":150,"column":25}},{"start":{"line":146,"column":24},"end":{"line":150,"column":25}}],"line":146},"9":{"loc":{"start":{"line":171,"column":12},"end":{"line":185,"column":13}},"type":"if","locations":[{"start":{"line":171,"column":12},"end":{"line":185,"column":13}},{"start":{"line":171,"column":12},"end":{"line":185,"column":13}}],"line":171},"10":{"loc":{"start":{"line":175,"column":16},"end":{"line":184,"column":17}},"type":"if","locations":[{"start":{"line":175,"column":16},"end":{"line":184,"column":17}},{"start":{"line":175,"column":16},"end":{"line":184,"column":17}}],"line":175},"11":{"loc":{"start":{"line":175,"column":20},"end":{"line":175,"column":77}},"type":"binary-expr","locations":[{"start":{"line":175,"column":20},"end":{"line":175,"column":47}},{"start":{"line":175,"column":51},"end":{"line":175,"column":77}}],"line":175},"12":{"loc":{"start":{"line":178,"column":24},"end":{"line":182,"column":25}},"type":"if","locations":[{"start":{"line":178,"column":24},"end":{"line":182,"column":25}},{"start":{"line":178,"column":24},"end":{"line":182,"column":25}}],"line":178},"13":{"loc":{"start":{"line":203,"column":12},"end":{"line":219,"column":13}},"type":"if","locations":[{"start":{"line":203,"column":12},"end":{"line":219,"column":13}},{"start":{"line":203,"column":12},"end":{"line":219,"column":13}}],"line":203},"14":{"loc":{"start":{"line":207,"column":16},"end":{"line":218,"column":17}},"type":"if","locations":[{"start":{"line":207,"column":16},"end":{"line":218,"column":17}},{"start":{"line":207,"column":16},"end":{"line":218,"column":17}}],"line":207},"15":{"loc":{"start":{"line":209,"column":24},"end":{"line":213,"column":25}},"type":"if","locations":[{"start":{"line":209,"column":24},"end":{"line":213,"column":25}},{"start":{"line":209,"column":24},"end":{"line":213,"column":25}}],"line":209},"16":{"loc":{"start":{"line":241,"column":12},"end":{"line":245,"column":13}},"type":"if","locations":[{"start":{"line":241,"column":12},"end":{"line":245,"column":13}},{"start":{"line":241,"column":12},"end":{"line":245,"column":13}}],"line":241},"17":{"loc":{"start":{"line":267,"column":12},"end":{"line":271,"column":13}},"type":"if","locations":[{"start":{"line":267,"column":12},"end":{"line":271,"column":13}},{"start":{"line":267,"column":12},"end":{"line":271,"column":13}}],"line":267},"18":{"loc":{"start":{"line":293,"column":12},"end":{"line":297,"column":13}},"type":"if","locations":[{"start":{"line":293,"column":12},"end":{"line":297,"column":13}},{"start":{"line":293,"column":12},"end":{"line":297,"column":13}}],"line":293},"19":{"loc":{"start":{"line":315,"column":12},"end":{"line":319,"column":13}},"type":"if","locations":[{"start":{"line":315,"column":12},"end":{"line":319,"column":13}},{"start":{"line":315,"column":12},"end":{"line":319,"column":13}}],"line":315}},"s":{"0":1,"1":1,"2":0,"3":0,"4":0,"5":0,"6":0,"7":0,"8":1,"9":0,"10":0,"11":0,"12":0,"13":0,"14":0,"15":0,"16":0,"17":1,"18":0,"19":0,"20":0,"21":0,"22":0,"23":0,"24":0,"25":1,"26":0,"27":0,"28":0,"29":0,"30":0,"31":0,"32":0,"33":1,"34":0,"35":0,"36":0,"37":0,"38":0,"39":0,"40":0,"41":1,"42":0,"43":0,"44":0,"45":0,"46":0,"47":0,"48":0,"49":0,"50":0,"51":0,"52":0,"53":0,"54":0,"55":1,"56":0,"57":0,"58":0,"59":0,"60":0,"61":0,"62":0,"63":0,"64":0,"65":0,"66":0,"67":0,"68":0,"69":1,"70":0,"71":0,"72":0,"73":0,"74":0,"75":0,"76":0,"77":0,"78":0,"79":0,"80":0,"81":0,"82":0,"83":0,"84":1,"85":0,"86":0,"87":0,"88":0,"89":0,"90":0,"91":0,"92":0,"93":0,"94":1,"95":0,"96":0,"97":0,"98":0,"99":0,"100":0,"101":0,"102":0,"103":0,"104":1,"105":0,"106":0,"107":0,"108":0,"109":0,"110":0,"111":0,"112":0,"113":0,"114":1,"115":0,"116":0,"117":0,"118":0,"119":0,"120":0,"121":0},"f":{"0":0,"1":0,"2":0,"3":0,"4":0,"5":0,"6":0,"7":0,"8":0,"9":0,"10":0,"11":0,"12":0,"13":0,"14":0,"15":0,"16":0,"17":0,"18":0,"19":0,"20":0,"21":0,"22":0,"23":0,"24":0,"25":0,"26":0},"b":{"0":[0,0],"1":[0,0],"2":[0,0],"3":[0,0],"4":[0,0],"5":[0,0],"6":[0,0],"7":[0,0],"8":[0,0],"9":[0,0],"10":[0,0],"11":[0,0],"12":[0,0],"13":[0,0],"14":[0,0],"15":[0,0],"16":[0,0],"17":[0,0],"18":[0,0],"19":[0,0]},"_coverageSchema":"43e27e138ebf9cfc5966b082cf9a028302ed4184","hash":"eef3448a700cf196ecedd76067813159e741049d","contentHash":"b228f39324e30d0784b12dacc608a72132ca4c8cdddbd9cc10f51ff51f5b6789"},"/home/user/Desktop/javascript/FundooNotes/server/models/notes.model.js":{"path":"/home/user/Desktop/javascript/FundooNotes/server/models/notes.model.js","statementMap":{"0":{"start":{"line":8,"column":15},"end":{"line":8,"column":34}},"1":{"start":{"line":9,"column":13},"end":{"line":9,"column":28}},"2":{"start":{"line":15,"column":18},"end":{"line":44,"column":6}},"3":{"start":{"line":51,"column":12},"end":{"line":51,"column":48}},"4":{"start":{"line":64,"column":0},"end":{"line":88,"column":1}},"5":{"start":{"line":65,"column":4},"end":{"line":87,"column":5}},"6":{"start":{"line":66,"column":8},"end":{"line":66,"column":36}},"7":{"start":{"line":67,"column":19},"end":{"line":74,"column":10}},"8":{"start":{"line":76,"column":8},"end":{"line":84,"column":11}},"9":{"start":{"line":77,"column":12},"end":{"line":83,"column":13}},"10":{"start":{"line":78,"column":16},"end":{"line":78,"column":33}},"11":{"start":{"line":79,"column":16},"end":{"line":79,"column":37}},"12":{"start":{"line":81,"column":16},"end":{"line":81,"column":58}},"13":{"start":{"line":82,"column":16},"end":{"line":82,"column":89}},"14":{"start":{"line":86,"column":8},"end":{"line":86,"column":29}},"15":{"start":{"line":97,"column":0},"end":{"line":163,"column":1}},"16":{"start":{"line":98,"column":4},"end":{"line":162,"column":5}},"17":{"start":{"line":99,"column":8},"end":{"line":159,"column":9}},"18":{"start":{"line":100,"column":12},"end":{"line":100,"column":65}},"19":{"start":{"line":101,"column":26},"end":{"line":109,"column":14}},"20":{"start":{"line":102,"column":16},"end":{"line":108,"column":18}},"21":{"start":{"line":103,"column":20},"end":{"line":107,"column":21}},"22":{"start":{"line":104,"column":24},"end":{"line":104,"column":37}},"23":{"start":{"line":106,"column":24},"end":{"line":106,"column":35}},"24":{"start":{"line":110,"column":12},"end":{"line":116,"column":14}},"25":{"start":{"line":111,"column":16},"end":{"line":111,"column":56}},"26":{"start":{"line":112,"column":16},"end":{"line":112,"column":76}},"27":{"start":{"line":114,"column":16},"end":{"line":114,"column":55}},"28":{"start":{"line":115,"column":16},"end":{"line":115,"column":37}},"29":{"start":{"line":117,"column":15},"end":{"line":159,"column":9}},"30":{"start":{"line":118,"column":12},"end":{"line":118,"column":71}},"31":{"start":{"line":119,"column":26},"end":{"line":134,"column":14}},"32":{"start":{"line":120,"column":16},"end":{"line":133,"column":18}},"33":{"start":{"line":128,"column":20},"end":{"line":132,"column":21}},"34":{"start":{"line":129,"column":24},"end":{"line":129,"column":35}},"35":{"start":{"line":131,"column":24},"end":{"line":131,"column":37}},"36":{"start":{"line":135,"column":12},"end":{"line":139,"column":14}},"37":{"start":{"line":136,"column":16},"end":{"line":136,"column":44}},"38":{"start":{"line":138,"column":16},"end":{"line":138,"column":37}},"39":{"start":{"line":141,"column":13},"end":{"line":159,"column":9}},"40":{"start":{"line":142,"column":12},"end":{"line":142,"column":87}},"41":{"start":{"line":143,"column":26},"end":{"line":153,"column":14}},"42":{"start":{"line":144,"column":16},"end":{"line":152,"column":18}},"43":{"start":{"line":145,"column":20},"end":{"line":151,"column":21}},"44":{"start":{"line":146,"column":24},"end":{"line":146,"column":36}},"45":{"start":{"line":148,"column":24},"end":{"line":148,"column":57}},"46":{"start":{"line":150,"column":24},"end":{"line":150,"column":37}},"47":{"start":{"line":154,"column":12},"end":{"line":158,"column":14}},"48":{"start":{"line":155,"column":16},"end":{"line":155,"column":73}},"49":{"start":{"line":157,"column":16},"end":{"line":157,"column":37}},"50":{"start":{"line":161,"column":8},"end":{"line":161,"column":29}},"51":{"start":{"line":176,"column":0},"end":{"line":196,"column":1}},"52":{"start":{"line":177,"column":4},"end":{"line":195,"column":5}},"53":{"start":{"line":178,"column":8},"end":{"line":178,"column":64}},"54":{"start":{"line":179,"column":22},"end":{"line":187,"column":10}},"55":{"start":{"line":180,"column":12},"end":{"line":186,"column":14}},"56":{"start":{"line":181,"column":16},"end":{"line":185,"column":17}},"57":{"start":{"line":182,"column":20},"end":{"line":182,"column":31}},"58":{"start":{"line":184,"column":20},"end":{"line":184,"column":33}},"59":{"start":{"line":188,"column":8},"end":{"line":192,"column":10}},"60":{"start":{"line":189,"column":12},"end":{"line":189,"column":84}},"61":{"start":{"line":191,"column":12},"end":{"line":191,"column":33}},"62":{"start":{"line":194,"column":8},"end":{"line":194,"column":31}},"63":{"start":{"line":205,"column":0},"end":{"line":226,"column":1}},"64":{"start":{"line":206,"column":4},"end":{"line":225,"column":5}},"65":{"start":{"line":207,"column":22},"end":{"line":216,"column":10}},"66":{"start":{"line":208,"column":12},"end":{"line":215,"column":14}},"67":{"start":{"line":209,"column":16},"end":{"line":214,"column":17}},"68":{"start":{"line":210,"column":20},"end":{"line":210,"column":32}},"69":{"start":{"line":212,"column":20},"end":{"line":212,"column":61}},"70":{"start":{"line":213,"column":20},"end":{"line":213,"column":33}},"71":{"start":{"line":218,"column":8},"end":{"line":222,"column":10}},"72":{"start":{"line":219,"column":12},"end":{"line":219,"column":85}},"73":{"start":{"line":221,"column":12},"end":{"line":221,"column":33}},"74":{"start":{"line":224,"column":8},"end":{"line":224,"column":29}},"75":{"start":{"line":231,"column":0},"end":{"line":231,"column":33}}},"fnMap":{"0":{"name":"noteModel","decl":{"start":{"line":53,"column":9},"end":{"line":53,"column":18}},"loc":{"start":{"line":53,"column":21},"end":{"line":55,"column":1}},"line":53},"1":{"name":"(anonymous_1)","decl":{"start":{"line":64,"column":33},"end":{"line":64,"column":34}},"loc":{"start":{"line":64,"column":63},"end":{"line":88,"column":1}},"line":64},"2":{"name":"(anonymous_2)","decl":{"start":{"line":76,"column":24},"end":{"line":76,"column":25}},"loc":{"start":{"line":76,"column":39},"end":{"line":84,"column":9}},"line":76},"3":{"name":"(anonymous_3)","decl":{"start":{"line":97,"column":32},"end":{"line":97,"column":33}},"loc":{"start":{"line":97,"column":66},"end":{"line":163,"column":1}},"line":97},"4":{"name":"(anonymous_4)","decl":{"start":{"line":101,"column":38},"end":{"line":101,"column":39}},"loc":{"start":{"line":101,"column":59},"end":{"line":109,"column":13}},"line":101},"5":{"name":"(anonymous_5)","decl":{"start":{"line":102,"column":62},"end":{"line":102,"column":63}},"loc":{"start":{"line":102,"column":77},"end":{"line":108,"column":17}},"line":102},"6":{"name":"(anonymous_6)","decl":{"start":{"line":110,"column":25},"end":{"line":110,"column":26}},"loc":{"start":{"line":110,"column":35},"end":{"line":113,"column":13}},"line":110},"7":{"name":"(anonymous_7)","decl":{"start":{"line":113,"column":21},"end":{"line":113,"column":22}},"loc":{"start":{"line":113,"column":30},"end":{"line":116,"column":13}},"line":113},"8":{"name":"(anonymous_8)","decl":{"start":{"line":119,"column":38},"end":{"line":119,"column":39}},"loc":{"start":{"line":119,"column":59},"end":{"line":134,"column":13}},"line":119},"9":{"name":"(anonymous_9)","decl":{"start":{"line":127,"column":19},"end":{"line":127,"column":20}},"loc":{"start":{"line":127,"column":34},"end":{"line":133,"column":17}},"line":127},"10":{"name":"(anonymous_10)","decl":{"start":{"line":135,"column":25},"end":{"line":135,"column":26}},"loc":{"start":{"line":135,"column":35},"end":{"line":137,"column":13}},"line":135},"11":{"name":"(anonymous_11)","decl":{"start":{"line":137,"column":21},"end":{"line":137,"column":22}},"loc":{"start":{"line":137,"column":30},"end":{"line":139,"column":13}},"line":137},"12":{"name":"(anonymous_12)","decl":{"start":{"line":143,"column":38},"end":{"line":143,"column":39}},"loc":{"start":{"line":143,"column":59},"end":{"line":153,"column":13}},"line":143},"13":{"name":"(anonymous_13)","decl":{"start":{"line":144,"column":41},"end":{"line":144,"column":42}},"loc":{"start":{"line":144,"column":56},"end":{"line":152,"column":17}},"line":144},"14":{"name":"(anonymous_14)","decl":{"start":{"line":154,"column":25},"end":{"line":154,"column":26}},"loc":{"start":{"line":154,"column":35},"end":{"line":156,"column":13}},"line":154},"15":{"name":"(anonymous_15)","decl":{"start":{"line":156,"column":21},"end":{"line":156,"column":22}},"loc":{"start":{"line":156,"column":30},"end":{"line":158,"column":13}},"line":156},"16":{"name":"(anonymous_16)","decl":{"start":{"line":176,"column":33},"end":{"line":176,"column":34}},"loc":{"start":{"line":176,"column":73},"end":{"line":196,"column":1}},"line":176},"17":{"name":"(anonymous_17)","decl":{"start":{"line":179,"column":34},"end":{"line":179,"column":35}},"loc":{"start":{"line":179,"column":55},"end":{"line":187,"column":9}},"line":179},"18":{"name":"(anonymous_18)","decl":{"start":{"line":180,"column":66},"end":{"line":180,"column":67}},"loc":{"start":{"line":180,"column":81},"end":{"line":186,"column":13}},"line":180},"19":{"name":"(anonymous_19)","decl":{"start":{"line":188,"column":21},"end":{"line":188,"column":22}},"loc":{"start":{"line":188,"column":31},"end":{"line":190,"column":9}},"line":188},"20":{"name":"(anonymous_20)","decl":{"start":{"line":190,"column":17},"end":{"line":190,"column":18}},"loc":{"start":{"line":190,"column":26},"end":{"line":192,"column":9}},"line":190},"21":{"name":"(anonymous_21)","decl":{"start":{"line":205,"column":33},"end":{"line":205,"column":34}},"loc":{"start":{"line":205,"column":61},"end":{"line":226,"column":1}},"line":205},"22":{"name":"(anonymous_22)","decl":{"start":{"line":207,"column":34},"end":{"line":207,"column":35}},"loc":{"start":{"line":207,"column":55},"end":{"line":216,"column":9}},"line":207},"23":{"name":"(anonymous_23)","decl":{"start":{"line":208,"column":54},"end":{"line":208,"column":55}},"loc":{"start":{"line":208,"column":69},"end":{"line":215,"column":13}},"line":208},"24":{"name":"(anonymous_24)","decl":{"start":{"line":218,"column":21},"end":{"line":218,"column":22}},"loc":{"start":{"line":218,"column":31},"end":{"line":220,"column":9}},"line":218},"25":{"name":"(anonymous_25)","decl":{"start":{"line":220,"column":17},"end":{"line":220,"column":18}},"loc":{"start":{"line":220,"column":26},"end":{"line":222,"column":9}},"line":220}},"branchMap":{"0":{"loc":{"start":{"line":77,"column":12},"end":{"line":83,"column":13}},"type":"if","locations":[{"start":{"line":77,"column":12},"end":{"line":83,"column":13}},{"start":{"line":77,"column":12},"end":{"line":83,"column":13}}],"line":77},"1":{"loc":{"start":{"line":99,"column":8},"end":{"line":159,"column":9}},"type":"if","locations":[{"start":{"line":99,"column":8},"end":{"line":159,"column":9}},{"start":{"line":99,"column":8},"end":{"line":159,"column":9}}],"line":99},"2":{"loc":{"start":{"line":103,"column":20},"end":{"line":107,"column":21}},"type":"if","locations":[{"start":{"line":103,"column":20},"end":{"line":107,"column":21}},{"start":{"line":103,"column":20},"end":{"line":107,"column":21}}],"line":103},"3":{"loc":{"start":{"line":117,"column":15},"end":{"line":159,"column":9}},"type":"if","locations":[{"start":{"line":117,"column":15},"end":{"line":159,"column":9}},{"start":{"line":117,"column":15},"end":{"line":159,"column":9}}],"line":117},"4":{"loc":{"start":{"line":128,"column":20},"end":{"line":132,"column":21}},"type":"if","locations":[{"start":{"line":128,"column":20},"end":{"line":132,"column":21}},{"start":{"line":128,"column":20},"end":{"line":132,"column":21}}],"line":128},"5":{"loc":{"start":{"line":141,"column":13},"end":{"line":159,"column":9}},"type":"if","locations":[{"start":{"line":141,"column":13},"end":{"line":159,"column":9}},{"start":{"line":141,"column":13},"end":{"line":159,"column":9}}],"line":141},"6":{"loc":{"start":{"line":145,"column":20},"end":{"line":151,"column":21}},"type":"if","locations":[{"start":{"line":145,"column":20},"end":{"line":151,"column":21}},{"start":{"line":145,"column":20},"end":{"line":151,"column":21}}],"line":145},"7":{"loc":{"start":{"line":181,"column":16},"end":{"line":185,"column":17}},"type":"if","locations":[{"start":{"line":181,"column":16},"end":{"line":185,"column":17}},{"start":{"line":181,"column":16},"end":{"line":185,"column":17}}],"line":181},"8":{"loc":{"start":{"line":209,"column":16},"end":{"line":214,"column":17}},"type":"if","locations":[{"start":{"line":209,"column":16},"end":{"line":214,"column":17}},{"start":{"line":209,"column":16},"end":{"line":214,"column":17}}],"line":209}},"s":{"0":1,"1":1,"2":1,"3":1,"4":1,"5":0,"6":0,"7":0,"8":0,"9":0,"10":0,"11":0,"12":0,"13":0,"14":0,"15":1,"16":0,"17":0,"18":0,"19":0,"20":0,"21":0,"22":0,"23":0,"24":0,"25":0,"26":0,"27":0,"28":0,"29":0,"30":0,"31":0,"32":0,"33":0,"34":0,"35":0,"36":0,"37":0,"38":0,"39":0,"40":0,"41":0,"42":0,"43":0,"44":0,"45":0,"46":0,"47":0,"48":0,"49":0,"50":0,"51":1,"52":0,"53":0,"54":0,"55":0,"56":0,"57":0,"58":0,"59":0,"60":0,"61":0,"62":0,"63":1,"64":0,"65":0,"66":0,"67":0,"68":0,"69":0,"70":0,"71":0,"72":0,"73":0,"74":0,"75":1},"f":{"0":1,"1":0,"2":0,"3":0,"4":0,"5":0,"6":0,"7":0,"8":0,"9":0,"10":0,"11":0,"12":0,"13":0,"14":0,"15":0,"16":0,"17":0,"18":0,"19":0,"20":0,"21":0,"22":0,"23":0,"24":0,"25":0},"b":{"0":[0,0],"1":[0,0],"2":[0,0],"3":[0,0],"4":[0,0],"5":[0,0],"6":[0,0],"7":[0,0],"8":[0,0]},"_coverageSchema":"43e27e138ebf9cfc5966b082cf9a028302ed4184","hash":"6b147757e4db935694458d1ed6122d448f3145df","contentHash":"9426f37fd4183d23fd458d4527ff6ff2c0d0e7fb8fa1acbf838334ce9eb749e0"},"/home/user/Desktop/javascript/FundooNotes/server/config/redisConfig.js":{"path":"/home/user/Desktop/javascript/FundooNotes/server/config/redisConfig.js","statementMap":{"0":{"start":{"line":1,"column":0},"end":{"line":1,"column":25}},"1":{"start":{"line":2,"column":13},"end":{"line":2,"column":33}},"2":{"start":{"line":4,"column":0},"end":{"line":18,"column":1}},"3":{"start":{"line":5,"column":4},"end":{"line":7,"column":7}},"4":{"start":{"line":6,"column":8},"end":{"line":6,"column":53}},"5":{"start":{"line":9,"column":4},"end":{"line":12,"column":7}},"6":{"start":{"line":10,"column":8},"end":{"line":10,"column":62}},"7":{"start":{"line":11,"column":8},"end":{"line":11,"column":23}},"8":{"start":{"line":14,"column":4},"end":{"line":17,"column":7}},"9":{"start":{"line":15,"column":8},"end":{"line":15,"column":42}},"10":{"start":{"line":16,"column":8},"end":{"line":16,"column":23}}},"fnMap":{"0":{"name":"(anonymous_0)","decl":{"start":{"line":4,"column":26},"end":{"line":4,"column":27}},"loc":{"start":{"line":4,"column":36},"end":{"line":18,"column":1}},"line":4},"1":{"name":"(anonymous_1)","decl":{"start":{"line":5,"column":25},"end":{"line":5,"column":26}},"loc":{"start":{"line":5,"column":35},"end":{"line":7,"column":5}},"line":5},"2":{"name":"(anonymous_2)","decl":{"start":{"line":9,"column":23},"end":{"line":9,"column":24}},"loc":{"start":{"line":9,"column":36},"end":{"line":12,"column":5}},"line":9},"3":{"name":"(anonymous_3)","decl":{"start":{"line":14,"column":28},"end":{"line":14,"column":29}},"loc":{"start":{"line":14,"column":38},"end":{"line":17,"column":5}},"line":14}},"branchMap":{},"s":{"0":1,"1":1,"2":1,"3":1,"4":1,"5":1,"6":0,"7":0,"8":1,"9":0,"10":0},"f":{"0":1,"1":1,"2":0,"3":0},"b":{},"_coverageSchema":"43e27e138ebf9cfc5966b082cf9a028302ed4184","hash":"7ce551344ab6eb2ef883f9fd8210f51ace3ff4ee","contentHash":"bdda626a9fd49460ab4add6671fc1c6eebf12f68e6a65babf4acb4d86346726f"}}